--------------------------------------------------------------------------------
Release 14.7 Trace  (nt64)
Copyright (c) 1995-2013 Xilinx, Inc.  All rights reserved.

D:\Xilinx\14.7\ISE_DS\ISE\bin\nt64\unwrapped\trce.exe -intstyle ise -v 3 -s 3
-n 3 -fastpaths -xml Operators.twx Operators.ncd -o Operators.twr Operators.pcf

Design file:              Operators.ncd
Physical constraint file: Operators.pcf
Device,package,speed:     xc6slx16,csg324,C,-3 (PRODUCTION 1.23 2013-10-13)
Report level:             verbose report

Environment Variable      Effect 
--------------------      ------ 
NONE                      No environment variables were set
--------------------------------------------------------------------------------

INFO:Timing:2698 - No timing constraints found, doing default enumeration.
INFO:Timing:3412 - To improve timing, see the Timing Closure User Guide (UG612).
INFO:Timing:2752 - To get complete path coverage, use the unconstrained paths 
   option. All paths that are not constrained will be reported in the 
   unconstrained paths section(s) of the report.
INFO:Timing:3339 - The clock-to-out numbers in this timing report are based on 
   a 50 Ohm transmission line loading model.  For the details of this model, 
   and for more information on accounting for different loading conditions, 
   please see the device datasheet.



Data Sheet report:
-----------------
All values displayed in nanoseconds (ns)

Pad to Pad
---------------+---------------+---------+
Source Pad     |Destination Pad|  Delay  |
---------------+---------------+---------+
A<0>           |CIN<1>         |    8.231|
A<0>           |CIN<2>         |    8.163|
A<0>           |CIN<3>         |    8.692|
A<0>           |CIN<4>         |    8.997|
A<0>           |CIN<5>         |    9.898|
A<0>           |CIN<6>         |    9.893|
A<0>           |CIN<7>         |   10.787|
A<0>           |COUT<0>        |    7.731|
A<0>           |COUT<1>        |    7.214|
A<0>           |COUT<2>        |    8.012|
A<0>           |COUT<3>        |    7.896|
A<0>           |COUT<4>        |    9.015|
A<0>           |COUT<5>        |    8.584|
A<0>           |COUT<6>        |    9.823|
A<0>           |COUT<7>        |    9.126|
A<0>           |NOUT<0>        |   10.360|
A<0>           |NOUT<1>        |    9.674|
A<0>           |NOUT<2>        |    8.505|
A<0>           |SUM<0>         |    7.241|
A<0>           |SUM<1>         |    7.108|
A<0>           |SUM<2>         |    8.677|
A<0>           |SUM<3>         |    8.049|
A<0>           |SUM<4>         |    8.590|
A<0>           |SUM<5>         |    8.305|
A<0>           |SUM<6>         |    9.221|
A<0>           |SUM<7>         |    9.190|
A<1>           |CIN<2>         |    7.560|
A<1>           |CIN<3>         |    8.089|
A<1>           |CIN<4>         |    8.394|
A<1>           |CIN<5>         |    9.295|
A<1>           |CIN<6>         |    9.290|
A<1>           |CIN<7>         |   10.184|
A<1>           |COUT<1>        |    6.611|
A<1>           |COUT<2>        |    7.409|
A<1>           |COUT<3>        |    7.293|
A<1>           |COUT<4>        |    8.412|
A<1>           |COUT<5>        |    7.981|
A<1>           |COUT<6>        |    9.220|
A<1>           |COUT<7>        |    8.523|
A<1>           |NOUT<0>        |   10.413|
A<1>           |NOUT<1>        |    9.727|
A<1>           |NOUT<2>        |    8.504|
A<1>           |SUM<1>         |    7.168|
A<1>           |SUM<2>         |    8.074|
A<1>           |SUM<3>         |    7.446|
A<1>           |SUM<4>         |    7.987|
A<1>           |SUM<5>         |    7.702|
A<1>           |SUM<6>         |    8.618|
A<1>           |SUM<7>         |    8.587|
A<2>           |CIN<3>         |    7.005|
A<2>           |CIN<4>         |    8.199|
A<2>           |CIN<5>         |    9.100|
A<2>           |CIN<6>         |    9.095|
A<2>           |CIN<7>         |    9.989|
A<2>           |COUT<2>        |    6.325|
A<2>           |COUT<3>        |    7.098|
A<2>           |COUT<4>        |    8.217|
A<2>           |COUT<5>        |    7.786|
A<2>           |COUT<6>        |    9.025|
A<2>           |COUT<7>        |    8.328|
A<2>           |NOUT<0>        |   10.805|
A<2>           |NOUT<1>        |   10.119|
A<2>           |NOUT<2>        |    8.331|
A<2>           |SUM<2>         |    6.990|
A<2>           |SUM<3>         |    7.310|
A<2>           |SUM<4>         |    7.792|
A<2>           |SUM<5>         |    7.507|
A<2>           |SUM<6>         |    8.423|
A<2>           |SUM<7>         |    8.392|
A<3>           |CIN<4>         |    8.142|
A<3>           |CIN<5>         |    9.043|
A<3>           |CIN<6>         |    9.038|
A<3>           |CIN<7>         |    9.932|
A<3>           |COUT<3>        |    7.041|
A<3>           |COUT<4>        |    8.160|
A<3>           |COUT<5>        |    7.729|
A<3>           |COUT<6>        |    8.968|
A<3>           |COUT<7>        |    8.271|
A<3>           |NOUT<0>        |    9.993|
A<3>           |NOUT<1>        |    9.307|
A<3>           |NOUT<2>        |    8.825|
A<3>           |SUM<3>         |    7.377|
A<3>           |SUM<4>         |    7.735|
A<3>           |SUM<5>         |    7.450|
A<3>           |SUM<6>         |    8.366|
A<3>           |SUM<7>         |    8.335|
A<4>           |CIN<5>         |    8.487|
A<4>           |CIN<6>         |    8.324|
A<4>           |CIN<7>         |    9.218|
A<4>           |COUT<4>        |    7.604|
A<4>           |COUT<5>        |    7.015|
A<4>           |COUT<6>        |    8.254|
A<4>           |COUT<7>        |    7.557|
A<4>           |NOUT<0>        |   10.046|
A<4>           |NOUT<1>        |    9.360|
A<4>           |NOUT<2>        |    8.878|
A<4>           |SUM<4>         |    7.179|
A<4>           |SUM<5>         |    6.980|
A<4>           |SUM<6>         |    7.652|
A<4>           |SUM<7>         |    7.621|
A<5>           |CIN<6>         |    8.484|
A<5>           |CIN<7>         |    9.378|
A<5>           |COUT<5>        |    7.175|
A<5>           |COUT<6>        |    8.414|
A<5>           |COUT<7>        |    7.717|
A<5>           |NOUT<0>        |    8.789|
A<5>           |NOUT<1>        |    8.130|
A<5>           |NOUT<2>        |    7.792|
A<5>           |SUM<5>         |    6.961|
A<5>           |SUM<6>         |    7.812|
A<5>           |SUM<7>         |    7.781|
A<6>           |CIN<7>         |    8.787|
A<6>           |COUT<6>        |    7.823|
A<6>           |COUT<7>        |    7.286|
A<6>           |NOUT<0>        |    8.419|
A<6>           |NOUT<1>        |    7.760|
A<6>           |NOUT<2>        |    7.422|
A<6>           |SUM<6>         |    7.221|
A<6>           |SUM<7>         |    7.363|
A<7>           |COUT<7>        |    7.337|
A<7>           |NOUT<0>        |    7.895|
A<7>           |NOUT<1>        |    8.183|
A<7>           |NOUT<2>        |    7.042|
A<7>           |SUM<7>         |    6.892|
B<0>           |CIN<1>         |    7.639|
B<0>           |CIN<2>         |    8.077|
B<0>           |CIN<3>         |    8.606|
B<0>           |CIN<4>         |    8.911|
B<0>           |CIN<5>         |    9.812|
B<0>           |CIN<6>         |    9.807|
B<0>           |CIN<7>         |   10.701|
B<0>           |COUT<0>        |    7.139|
B<0>           |COUT<1>        |    7.128|
B<0>           |COUT<2>        |    7.926|
B<0>           |COUT<3>        |    7.810|
B<0>           |COUT<4>        |    8.929|
B<0>           |COUT<5>        |    8.498|
B<0>           |COUT<6>        |    9.737|
B<0>           |COUT<7>        |    9.040|
B<0>           |NOUT<0>        |    9.996|
B<0>           |NOUT<1>        |    9.310|
B<0>           |NOUT<2>        |    8.519|
B<0>           |SUM<0>         |    6.649|
B<0>           |SUM<1>         |    6.640|
B<0>           |SUM<2>         |    8.591|
B<0>           |SUM<3>         |    7.963|
B<0>           |SUM<4>         |    8.504|
B<0>           |SUM<5>         |    8.219|
B<0>           |SUM<6>         |    9.135|
B<0>           |SUM<7>         |    9.104|
B<1>           |CIN<2>         |    8.168|
B<1>           |CIN<3>         |    8.697|
B<1>           |CIN<4>         |    9.002|
B<1>           |CIN<5>         |    9.903|
B<1>           |CIN<6>         |    9.898|
B<1>           |CIN<7>         |   10.792|
B<1>           |COUT<1>        |    7.219|
B<1>           |COUT<2>        |    8.017|
B<1>           |COUT<3>        |    7.901|
B<1>           |COUT<4>        |    9.020|
B<1>           |COUT<5>        |    8.589|
B<1>           |COUT<6>        |    9.828|
B<1>           |COUT<7>        |    9.131|
B<1>           |NOUT<0>        |    9.900|
B<1>           |NOUT<1>        |    9.214|
B<1>           |NOUT<2>        |    8.553|
B<1>           |SUM<1>         |    6.912|
B<1>           |SUM<2>         |    8.682|
B<1>           |SUM<3>         |    8.054|
B<1>           |SUM<4>         |    8.595|
B<1>           |SUM<5>         |    8.310|
B<1>           |SUM<6>         |    9.226|
B<1>           |SUM<7>         |    9.195|
B<2>           |CIN<3>         |    8.122|
B<2>           |CIN<4>         |    7.946|
B<2>           |CIN<5>         |    8.847|
B<2>           |CIN<6>         |    8.842|
B<2>           |CIN<7>         |    9.736|
B<2>           |COUT<2>        |    7.442|
B<2>           |COUT<3>        |    6.845|
B<2>           |COUT<4>        |    7.964|
B<2>           |COUT<5>        |    7.533|
B<2>           |COUT<6>        |    8.772|
B<2>           |COUT<7>        |    8.075|
B<2>           |NOUT<0>        |   10.199|
B<2>           |NOUT<1>        |    9.513|
B<2>           |NOUT<2>        |    8.381|
B<2>           |SUM<2>         |    8.107|
B<2>           |SUM<3>         |    7.226|
B<2>           |SUM<4>         |    7.539|
B<2>           |SUM<5>         |    7.254|
B<2>           |SUM<6>         |    8.170|
B<2>           |SUM<7>         |    8.139|
B<3>           |CIN<4>         |    8.398|
B<3>           |CIN<5>         |    9.299|
B<3>           |CIN<6>         |    9.294|
B<3>           |CIN<7>         |   10.188|
B<3>           |COUT<3>        |    7.297|
B<3>           |COUT<4>        |    8.416|
B<3>           |COUT<5>        |    7.985|
B<3>           |COUT<6>        |    9.224|
B<3>           |COUT<7>        |    8.527|
B<3>           |NOUT<0>        |    9.731|
B<3>           |NOUT<1>        |    9.045|
B<3>           |NOUT<2>        |    8.563|
B<3>           |SUM<3>         |    7.144|
B<3>           |SUM<4>         |    7.991|
B<3>           |SUM<5>         |    7.706|
B<3>           |SUM<6>         |    8.622|
B<3>           |SUM<7>         |    8.591|
B<4>           |CIN<5>         |    8.585|
B<4>           |CIN<6>         |    8.562|
B<4>           |CIN<7>         |    9.456|
B<4>           |COUT<4>        |    7.702|
B<4>           |COUT<5>        |    7.253|
B<4>           |COUT<6>        |    8.492|
B<4>           |COUT<7>        |    7.795|
B<4>           |NOUT<0>        |   10.050|
B<4>           |NOUT<1>        |    9.364|
B<4>           |NOUT<2>        |    8.882|
B<4>           |SUM<4>         |    7.277|
B<4>           |SUM<5>         |    7.117|
B<4>           |SUM<6>         |    7.890|
B<4>           |SUM<7>         |    7.859|
B<5>           |CIN<6>         |    8.422|
B<5>           |CIN<7>         |    9.316|
B<5>           |COUT<5>        |    7.113|
B<5>           |COUT<6>        |    8.352|
B<5>           |COUT<7>        |    7.655|
B<5>           |NOUT<0>        |    9.297|
B<5>           |NOUT<1>        |    8.631|
B<5>           |NOUT<2>        |    8.293|
B<5>           |SUM<5>         |    6.773|
B<5>           |SUM<6>         |    7.750|
B<5>           |SUM<7>         |    7.719|
B<6>           |CIN<7>         |    8.460|
B<6>           |COUT<6>        |    7.496|
B<6>           |COUT<7>        |    7.248|
B<6>           |NOUT<0>        |    8.384|
B<6>           |NOUT<1>        |    7.725|
B<6>           |NOUT<2>        |    7.387|
B<6>           |SUM<6>         |    6.894|
B<6>           |SUM<7>         |    6.908|
B<7>           |COUT<7>        |    7.621|
B<7>           |NOUT<0>        |    7.875|
B<7>           |NOUT<1>        |    7.475|
B<7>           |NOUT<2>        |    6.977|
B<7>           |SUM<7>         |    7.028|
SEL            |NOUT<0>        |    7.173|
SEL            |NOUT<2>        |    6.825|
SELECTOR<0>    |CIN<1>         |    7.628|
SELECTOR<0>    |CIN<2>         |    7.825|
SELECTOR<0>    |CIN<3>         |    8.354|
SELECTOR<0>    |CIN<4>         |    8.848|
SELECTOR<0>    |CIN<5>         |    9.749|
SELECTOR<0>    |CIN<6>         |    9.744|
SELECTOR<0>    |CIN<7>         |   10.638|
SELECTOR<0>    |COUT<0>        |    7.128|
SELECTOR<0>    |COUT<1>        |    6.876|
SELECTOR<0>    |COUT<2>        |    7.674|
SELECTOR<0>    |COUT<3>        |    7.747|
SELECTOR<0>    |COUT<4>        |    8.866|
SELECTOR<0>    |COUT<5>        |    8.435|
SELECTOR<0>    |COUT<6>        |    9.674|
SELECTOR<0>    |COUT<7>        |    8.977|
SELECTOR<0>    |NOUT<0>        |    6.845|
SELECTOR<0>    |NOUT<1>        |    7.716|
SELECTOR<0>    |NOUT<2>        |    6.205|
SELECTOR<0>    |SUM<0>         |    6.638|
SELECTOR<0>    |SUM<1>         |    6.835|
SELECTOR<0>    |SUM<2>         |    8.339|
SELECTOR<0>    |SUM<3>         |    7.720|
SELECTOR<0>    |SUM<4>         |    8.441|
SELECTOR<0>    |SUM<5>         |    8.156|
SELECTOR<0>    |SUM<6>         |    9.072|
SELECTOR<0>    |SUM<7>         |    9.041|
SELECTOR<1>    |CIN<1>         |    7.704|
SELECTOR<1>    |CIN<2>         |    7.396|
SELECTOR<1>    |CIN<3>         |    7.925|
SELECTOR<1>    |CIN<4>         |    8.675|
SELECTOR<1>    |CIN<5>         |    9.576|
SELECTOR<1>    |CIN<6>         |    9.571|
SELECTOR<1>    |CIN<7>         |   10.465|
SELECTOR<1>    |COUT<0>        |    7.204|
SELECTOR<1>    |COUT<1>        |    6.447|
SELECTOR<1>    |COUT<2>        |    7.245|
SELECTOR<1>    |COUT<3>        |    7.574|
SELECTOR<1>    |COUT<4>        |    8.693|
SELECTOR<1>    |COUT<5>        |    8.262|
SELECTOR<1>    |COUT<6>        |    9.501|
SELECTOR<1>    |COUT<7>        |    8.804|
SELECTOR<1>    |NOUT<0>        |    6.672|
SELECTOR<1>    |NOUT<1>        |    6.159|
SELECTOR<1>    |NOUT<2>        |    6.318|
SELECTOR<1>    |SUM<0>         |    6.714|
SELECTOR<1>    |SUM<1>         |    6.534|
SELECTOR<1>    |SUM<2>         |    7.910|
SELECTOR<1>    |SUM<3>         |    7.547|
SELECTOR<1>    |SUM<4>         |    8.268|
SELECTOR<1>    |SUM<5>         |    7.983|
SELECTOR<1>    |SUM<6>         |    8.899|
SELECTOR<1>    |SUM<7>         |    8.868|
---------------+---------------+---------+


Analysis completed Tue Sep 17 18:04:54 2019 
--------------------------------------------------------------------------------

Trace Settings:
-------------------------
Trace Settings 

Peak Memory Usage: 4576 MB



