Running: C:\Xilinx\14.7\ISE_DS\ISE\bin\nt64\unwrapped\fuse.exe -intstyle ise -incremental -lib secureip -o D:/ProySisDigAva/P06_Priority_Encoder_Simulated/Priority_Encoder_tb_isim_beh.exe -prj D:/ProySisDigAva/P06_Priority_Encoder_Simulated/Priority_Encoder_tb_beh.prj work.Priority_Encoder_tb 
ISim P.20131013 (signature 0x7708f090)
Number of CPUs detected in this system: 8
Turning on mult-threading, number of parallel sub-compilation jobs: 16 
Determining compilation order of HDL files
Parsing VHDL file "D:/ProySisDigAva/P06_Priority_Encoder_Simulated/Priority_Encoder.vhd" into library work
Parsing VHDL file "D:/ProySisDigAva/P06_Priority_Encoder_Simulated/Priority_Encoder_tb.vhd" into library work
Starting static elaboration
Completed static elaboration
Compiling package standard
Compiling package std_logic_1164
Compiling package numeric_std
Compiling package std_logic_arith
Compiling package std_logic_unsigned
Compiling architecture priority_encoder_arch of entity Priority_Encoder [priority_encoder_default]
Compiling architecture behavior of entity priority_encoder_tb
Time Resolution for simulation is 1ps.
Compiled 8 VHDL Units
Built simulation executable D:/ProySisDigAva/P06_Priority_Encoder_Simulated/Priority_Encoder_tb_isim_beh.exe
Fuse Memory Usage: 35824 KB
Fuse CPU Usage: 655 ms
