#-----------------------------------------------------------
# PlanAhead v14.7 (64-bit)
# Build 321239 by xbuild on Fri Sep 27 19:29:51 MDT 2013
# Start of session at: Wed Aug 21 11:55:37 2019
# Process ID: 13092
# Log file: D:/JavierJr/Documents/Escuela/AgoDic19/SistemasDigitalesAvanzados/Proyects/P02_Basic_Gates/planAhead_run_1/planAhead.log
# Journal file: D:/JavierJr/Documents/Escuela/AgoDic19/SistemasDigitalesAvanzados/Proyects/P02_Basic_Gates/planAhead_run_1/planAhead.jou
#-----------------------------------------------------------
INFO: [Common 17-78] Attempting to get a license: PlanAhead
INFO: [Common 17-290] Got license for PlanAhead
INFO: [Common 17-86] Your PlanAhead license expires in -1085 day(s)
INFO: [Device 21-36] Loading parts and site information from D:/Xilinx/14.7/ISE_DS/PlanAhead/data/parts/arch.xml
Parsing RTL primitives file [D:/Xilinx/14.7/ISE_DS/PlanAhead/data/parts/xilinx/rtl/prims/rtl_prims.xml]
Finished parsing RTL primitives file [D:/Xilinx/14.7/ISE_DS/PlanAhead/data/parts/xilinx/rtl/prims/rtl_prims.xml]
start_gui
source D:/JavierJr/Documents/Escuela/AgoDic19/SistemasDigitalesAvanzados/Proyects/P02_Basic_Gates/pa.fromHdl.tcl
# create_project -name P02_Basic_Gates -dir "D:/JavierJr/Documents/Escuela/AgoDic19/SistemasDigitalesAvanzados/Proyects/P02_Basic_Gates/planAhead_run_1" -part xc6slx16csg324-3
# set_param project.pinAheadLayout yes
# set srcset [get_property srcset [current_run -impl]]
# set_property target_constrs_file "Basic_Gates.ucf" [current_fileset -constrset]
Adding file 'D:/JavierJr/Documents/Escuela/AgoDic19/SistemasDigitalesAvanzados/Proyects/P02_Basic_Gates/Basic_Gates.ucf' to fileset 'constrs_1'
# set hdlfile [add_files [list {Basic_Gates.vhd}]]
# set_property file_type VHDL $hdlfile
# set_property library work $hdlfile
# set_property top Basic_Gates $srcset
# add_files [list {Basic_Gates.ucf}] -fileset [get_property constrset [current_run]]
# open_rtl_design -part xc6slx16csg324-3
Using Verific elaboration
Parsing VHDL file "D:/Xilinx/14.7/ISE_DS/PlanAhead/data/parts/xilinx/rtl/lib/synplify/synattr.vhd" into library synplify
Parsing VHDL file "D:/Xilinx/14.7/ISE_DS/PlanAhead/data/parts/xilinx/rtl/lib/synplify/synattr.vhd" into library synplify
Parsing VHDL file "D:/JavierJr/Documents/Escuela/AgoDic19/SistemasDigitalesAvanzados/Proyects/P02_Basic_Gates/Basic_Gates.vhd" into library work
Loading clock regions from D:/Xilinx/14.7/ISE_DS/PlanAhead/data\parts/xilinx/spartan6/spartan6lx/xc6slx16/ClockRegion.xml
Loading clock buffers from D:/Xilinx/14.7/ISE_DS/PlanAhead/data\parts/xilinx/spartan6/spartan6lx/xc6slx16/ClockBuffers.xml
Loading package pin functions from D:/Xilinx/14.7/ISE_DS/PlanAhead/data\parts/xilinx/spartan6/PinFunctions.xml...
Loading package from D:/Xilinx/14.7/ISE_DS/PlanAhead/data\parts/xilinx/spartan6/spartan6lx/xc6slx16/csg324/Package.xml
Loading io standards from D:/Xilinx/14.7/ISE_DS/PlanAhead/data\./parts/xilinx/spartan6/IOStandards.xml
Loading device configuration modes from D:/Xilinx/14.7/ISE_DS/PlanAhead/data\parts/xilinx/spartan6/ConfigModes.xml
Loading list of drcs for the architecture : D:/Xilinx/14.7/ISE_DS/PlanAhead/data\./parts/xilinx/spartan6/drc.xml
Parsing UCF File [D:/JavierJr/Documents/Escuela/AgoDic19/SistemasDigitalesAvanzados/Proyects/P02_Basic_Gates/Basic_Gates.ucf]
Finished Parsing UCF File [D:/JavierJr/Documents/Escuela/AgoDic19/SistemasDigitalesAvanzados/Proyects/P02_Basic_Gates/Basic_Gates.ucf]
INFO: [Project 1-111] Unisim Transformation Summary:
No Unisim elements were transformed.

Phase 0 | Netlist Checksum: a8ce0fb6
open_rtl_design: Time (s): elapsed = 00:00:16 . Memory (MB): peak = 682.359 ; gain = 207.156
update_compile_order -fileset sim_1
set_property package_pin "" [get_ports [list  A]]
startgroup
set_property package_pin T10 [get_ports A]
endgroup
startgroup
set_property package_pin T9 [get_ports B]
endgroup
startgroup
set_property package_pin T8 [get_ports C]
endgroup
startgroup
set_property package_pin V9 [get_ports C]
endgroup
startgroup
set_property package_pin U16 [get_ports D]
endgroup
set_property package_pin "" [get_ports [list  Y]]
set_property package_pin "" [get_ports [list  Y]]
save_constraints
exit
ERROR: [PlanAhead 12-106] *** Exception: ui.h.b: Found deleted key in HTclEventBroker. Verify if the classes listed here call cleanup()
HTclEvent: DEBUG_PORT_CONFIG_CHANGE   Classes: ui.views.aR 
HTclEvent: SIGNAL_MODIFY   Classes: ui.views.aR 
HTclEvent: DEBUG_CORE_CONFIG_CHANGE   Classes: ui.views.aR 
HTclEvent: SIGNAL_BUS_MODIFY   Classes: ui.views.aR 
 (See D:/JavierJr/Documents/Escuela/AgoDic19/SistemasDigitalesAvanzados/Proyects/P02_Basic_Gates\planAhead_pid13092.debug)
ERROR: [Common 17-39] 'stop_gui' failed due to earlier errors.
INFO: [Common 17-206] Exiting PlanAhead at Wed Aug 21 11:59:49 2019...
INFO: [Common 17-83] Releasing license: PlanAhead
