Release 14.7 - xst P.20131013 (nt64)
Copyright (c) 1995-2013 Xilinx, Inc.  All rights reserved.
--> Parameter TMPDIR set to xst/projnav.tmp


Total REAL time to Xst completion: 0.00 secs
Total CPU time to Xst completion: 0.10 secs
 
--> Parameter xsthdpdir set to xst


Total REAL time to Xst completion: 0.00 secs
Total CPU time to Xst completion: 0.10 secs
 
--> Reading design: Zeroes.prj

TABLE OF CONTENTS
  1) Synthesis Options Summary
  2) HDL Parsing
  3) HDL Elaboration
  4) HDL Synthesis
       4.1) HDL Synthesis Report
  5) Advanced HDL Synthesis
       5.1) Advanced HDL Synthesis Report
  6) Low Level Synthesis
  7) Partition Report
  8) Design Summary
       8.1) Primitive and Black Box Usage
       8.2) Device utilization summary
       8.3) Partition Resource Summary
       8.4) Timing Report
            8.4.1) Clock Information
            8.4.2) Asynchronous Control Signals Information
            8.4.3) Timing Summary
            8.4.4) Timing Details
            8.4.5) Cross Clock Domains Report


=========================================================================
*                      Synthesis Options Summary                        *
=========================================================================
---- Source Parameters
Input File Name                    : "Zeroes.prj"
Ignore Synthesis Constraint File   : NO

---- Target Parameters
Output File Name                   : "Zeroes"
Output Format                      : NGC
Target Device                      : xc6slx16-3-csg324

---- Source Options
Top Module Name                    : Zeroes
Automatic FSM Extraction           : YES
FSM Encoding Algorithm             : Auto
Safe Implementation                : No
FSM Style                          : LUT
RAM Extraction                     : Yes
RAM Style                          : Auto
ROM Extraction                     : Yes
Shift Register Extraction          : YES
ROM Style                          : Auto
Resource Sharing                   : YES
Asynchronous To Synchronous        : NO
Shift Register Minimum Size        : 2
Use DSP Block                      : Auto
Automatic Register Balancing       : No

---- Target Options
LUT Combining                      : Auto
Reduce Control Sets                : Auto
Add IO Buffers                     : YES
Global Maximum Fanout              : 100000
Add Generic Clock Buffer(BUFG)     : 16
Register Duplication               : YES
Optimize Instantiated Primitives   : NO
Use Clock Enable                   : Auto
Use Synchronous Set                : Auto
Use Synchronous Reset              : Auto
Pack IO Registers into IOBs        : Auto
Equivalent register Removal        : YES

---- General Options
Optimization Goal                  : Speed
Optimization Effort                : 1
Power Reduction                    : NO
Keep Hierarchy                     : No
Netlist Hierarchy                  : As_Optimized
RTL Output                         : Yes
Global Optimization                : AllClockNets
Read Cores                         : YES
Write Timing Constraints           : NO
Cross Clock Analysis               : NO
Hierarchy Separator                : /
Bus Delimiter                      : <>
Case Specifier                     : Maintain
Slice Utilization Ratio            : 100
BRAM Utilization Ratio             : 100
DSP48 Utilization Ratio            : 100
Auto BRAM Packing                  : NO
Slice Utilization Ratio Delta      : 5

=========================================================================


=========================================================================
*                          HDL Parsing                                  *
=========================================================================
Parsing VHDL file "D:\JavierJr\Documents\ISD\AgoDic19\SistemasDigitalesAvanzados\Projects\P27_Zeroes\Zeroes.vhd" into library work
Parsing entity <Zeroes>.
Parsing architecture <Behavioral> of entity <zeroes>.

=========================================================================
*                            HDL Elaboration                            *
=========================================================================

Elaborating entity <Zeroes> (architecture <Behavioral>) from library <work>.

=========================================================================
*                           HDL Synthesis                               *
=========================================================================

Synthesizing Unit <Zeroes>.
    Related source file is "D:\JavierJr\Documents\ISD\AgoDic19\SistemasDigitalesAvanzados\Projects\P27_Zeroes\Zeroes.vhd".
    Found 9-bit adder for signal <zeroCount[8]_GND_6_o_add_0_OUT> created at line 49.
    Summary:
	inferred   1 Adder/Subtractor(s).
	inferred  15 Multiplexer(s).
Unit <Zeroes> synthesized.

=========================================================================
HDL Synthesis Report

Macro Statistics
# Adders/Subtractors                                   : 1
 9-bit adder                                           : 1
# Multiplexers                                         : 15
 1-bit 2-to-1 multiplexer                              : 7
 9-bit 2-to-1 multiplexer                              : 8

=========================================================================

=========================================================================
*                       Advanced HDL Synthesis                          *
=========================================================================


=========================================================================
Advanced HDL Synthesis Report

Macro Statistics
# Adders/Subtractors                                   : 1
 9-bit adder                                           : 1
# Multiplexers                                         : 15
 1-bit 2-to-1 multiplexer                              : 7
 9-bit 2-to-1 multiplexer                              : 8

=========================================================================

=========================================================================
*                         Low Level Synthesis                           *
=========================================================================
WARNING:Xst:2170 - Unit Zeroes : the following signal(s) form a combinatorial loop: Madd_zeroCount[8]_GND_6_o_add_0_OUT_lut<8>, zeroCount[8]_GND_6_o_add_0_OUT<8>.
WARNING:Xst:2170 - Unit Zeroes : the following signal(s) form a combinatorial loop: zeroCount[8]_GND_6_o_add_0_OUT<7>, Madd_zeroCount[8]_GND_6_o_add_0_OUT_lut<7>.
WARNING:Xst:2170 - Unit Zeroes : the following signal(s) form a combinatorial loop: zeroCount[8]_GND_6_o_add_0_OUT<6>, Madd_zeroCount[8]_GND_6_o_add_0_OUT_lut<6>.
WARNING:Xst:2170 - Unit Zeroes : the following signal(s) form a combinatorial loop: Madd_zeroCount[8]_GND_6_o_add_0_OUT_lut<5>, zeroCount[8]_GND_6_o_add_0_OUT<5>.
WARNING:Xst:2170 - Unit Zeroes : the following signal(s) form a combinatorial loop: zeroCount[8]_GND_6_o_add_0_OUT<4>, Madd_zeroCount[8]_GND_6_o_add_0_OUT_lut<4>.
WARNING:Xst:2170 - Unit Zeroes : the following signal(s) form a combinatorial loop: zeroCount[8]_GND_6_o_add_0_OUT<3>, Madd_zeroCount[8]_GND_6_o_add_0_OUT_lut<3>.
WARNING:Xst:2170 - Unit Zeroes : the following signal(s) form a combinatorial loop: zeroCount[8]_GND_6_o_add_0_OUT<2>, Madd_zeroCount[8]_GND_6_o_add_0_OUT_lut<2>.
WARNING:Xst:2170 - Unit Zeroes : the following signal(s) form a combinatorial loop: Madd_zeroCount[8]_GND_6_o_add_0_OUT_lut<1>, zeroCount[8]_GND_6_o_add_0_OUT<1>.
WARNING:Xst:2170 - Unit Zeroes : the following signal(s) form a combinatorial loop: data[7]_flag_AND_8_o, flag, Madd_zeroCount[8]_GND_6_o_add_0_OUT_cy<0>.
WARNING:Xst:2170 - Unit Zeroes : the following signal(s) form a combinatorial loop: Madd_zeroCount[8]_GND_6_o_add_0_OUT_cy<0>.

Optimizing unit <Zeroes> ...

Mapping all equations...
Building and optimizing final netlist ...
Found area constraint ratio of 100 (+ 5) on block Zeroes, actual ratio is 0.

Final Macro Processing ...

=========================================================================
Final Register Report

Found no macro
=========================================================================

=========================================================================
*                           Partition Report                            *
=========================================================================

Partition Implementation Status
-------------------------------

  No Partitions were found in this design.

-------------------------------

=========================================================================
*                            Design Summary                             *
=========================================================================

Top Level Output File Name         : Zeroes.ngc

Primitive and Black Box Usage:
------------------------------
# BELS                             : 16
#      LUT2                        : 1
#      LUT3                        : 2
#      LUT4                        : 4
#      LUT5                        : 3
#      LUT6                        : 6
# IO Buffers                       : 17
#      IBUF                        : 8
#      OBUF                        : 9

Device utilization summary:
---------------------------

Selected Device : 6slx16csg324-3 


Slice Logic Utilization: 
 Number of Slice LUTs:                   16  out of   9112     0%  
    Number used as Logic:                16  out of   9112     0%  

Slice Logic Distribution: 
 Number of LUT Flip Flop pairs used:     16
   Number with an unused Flip Flop:      16  out of     16   100%  
   Number with an unused LUT:             0  out of     16     0%  
   Number of fully used LUT-FF pairs:     0  out of     16     0%  
   Number of unique control sets:         0

IO Utilization: 
 Number of IOs:                          17
 Number of bonded IOBs:                  17  out of    232     7%  

Specific Feature Utilization:

---------------------------
Partition Resource Summary:
---------------------------

  No Partitions were found in this design.

---------------------------


=========================================================================
Timing Report

NOTE: THESE TIMING NUMBERS ARE ONLY A SYNTHESIS ESTIMATE.
      FOR ACCURATE TIMING INFORMATION PLEASE REFER TO THE TRACE REPORT
      GENERATED AFTER PLACE-and-ROUTE.

Clock Information:
------------------
No clock signals found in this design

Asynchronous Control Signals Information:
----------------------------------------
No asynchronous control signals found in this design

Timing Summary:
---------------
Speed Grade: -3

   Minimum period: No path found
   Minimum input arrival time before clock: No path found
   Maximum output required time after clock: No path found
   Maximum combinational path delay: 16.652ns

Timing Details:
---------------
All values displayed in nanoseconds (ns)

=========================================================================
Timing constraint: Default path analysis
  Total number of paths / destination ports: 8176 / 9
-------------------------------------------------------------------------
Delay:               16.652ns (Levels of Logic = 14)
  Source:            data<3> (PAD)
  Destination:       zeroes<8> (PAD)

  Data Path: data<3> to zeroes<8>
                                Gate     Net
    Cell:in->out      fanout   Delay   Delay  Logical Name (Net Name)
    ----------------------------------------  ------------
     IBUF:I->O             3   1.222   0.898  data_3_IBUF (data_3_IBUF)
     LUT4:I0->O            1   0.203   0.580  Mmux_flag1_SW0 (N7)
     LUT6:I5->O            3   0.205   1.015  Mmux_flag1 (flag)
     LUT6:I0->O            8   0.203   1.031  Mmux_zeroes101 (Mmux_zeroes101)
     LUT3:I0->O            7   0.205   0.774  Mmux_zeroes41 (Madd_zeroCount[8]_GND_6_o_add_0_OUT_lut<1>)
     LUT4:I3->O            6   0.205   0.745  Mmux_zeroes61 (Madd_zeroCount[8]_GND_6_o_add_0_OUT_lut<2>)
     LUT5:I4->O            5   0.205   0.715  Mmux_zeroes81 (Madd_zeroCount[8]_GND_6_o_add_0_OUT_lut<3>)
     LUT6:I5->O            4   0.205   0.931  Mmux_zeroes102 (Madd_zeroCount[8]_GND_6_o_add_0_OUT_lut<4>)
     LUT6:I2->O            3   0.203   1.015  Mmux_zeroes12 (Madd_zeroCount[8]_GND_6_o_add_0_OUT_lut<5>)
     LUT6:I0->O            3   0.203   0.755  Madd_zeroCount[8]_GND_6_o_add_0_OUT_cy<5>11 (Madd_zeroCount[8]_GND_6_o_add_0_OUT_cy<5>)
     LUT3:I1->O            4   0.203   0.684  Mmux_zeroes141 (Madd_zeroCount[8]_GND_6_o_add_0_OUT_lut<6>)
     LUT4:I3->O            3   0.205   0.651  Mmux_zeroes161 (Madd_zeroCount[8]_GND_6_o_add_0_OUT_lut<7>)
     LUT5:I4->O            2   0.205   0.616  Mmux_zeroes181 (Madd_zeroCount[8]_GND_6_o_add_0_OUT_lut<8>)
     OBUF:I->O                 2.571          zeroes_8_OBUF (zeroes<8>)
    ----------------------------------------
    Total                     16.652ns (6.243ns logic, 10.409ns route)
                                       (37.5% logic, 62.5% route)

=========================================================================

Cross Clock Domains Report:
--------------------------

=========================================================================


Total REAL time to Xst completion: 5.00 secs
Total CPU time to Xst completion: 4.74 secs
 
--> 

Total memory usage is 4494364 kilobytes

Number of errors   :    0 (   0 filtered)
Number of warnings :   10 (   0 filtered)
Number of infos    :    0 (   0 filtered)

