
****** PlanAhead v14.7 (64-bit)
  **** Build 321239 by xbuild on Fri Sep 27 19:29:51 MDT 2013
    ** Copyright 1986-1999, 2001-2013 Xilinx, Inc. All Rights Reserved.

INFO: [Common 17-78] Attempting to get a license: PlanAhead
INFO: [Common 17-290] Got license for PlanAhead
INFO: [Common 17-86] Your PlanAhead license expires in -1099 day(s)
INFO: [Device 21-36] Loading parts and site information from D:/Xilinx/14.7/ISE_DS/PlanAhead/data/parts/arch.xml
Parsing RTL primitives file [D:/Xilinx/14.7/ISE_DS/PlanAhead/data/parts/xilinx/rtl/prims/rtl_prims.xml]
Finished parsing RTL primitives file [D:/Xilinx/14.7/ISE_DS/PlanAhead/data/parts/xilinx/rtl/prims/rtl_prims.xml]
start_gui
source D:/JavierJr/Documents/Escuela/AgoDic19/SistemasDigitalesAvanzados/Proyects/P04_Grey_Decoder/pa.fromNetlist.tcl
# create_project -name P04_Grey_Decoder -dir "D:/JavierJr/Documents/Escuela/AgoDic19/SistemasDigitalesAvanzados/Proyects/P04_Grey_Decoder/planAhead_run_1" -part xc6slx16csg324-3
# set_property design_mode GateLvl [get_property srcset [current_run -impl]]
# set_property edif_top_file "D:/JavierJr/Documents/Escuela/AgoDic19/SistemasDigitalesAvanzados/Proyects/P04_Grey_Decoder/Grey_Decoder.ngc" [ get_property srcset [ current_run ] ]
# add_files -norecurse { {D:/JavierJr/Documents/Escuela/AgoDic19/SistemasDigitalesAvanzados/Proyects/P04_Grey_Decoder} }
# set_param project.pinAheadLayout  yes
# set_property target_constrs_file "Grey_Decoder.ucf" [current_fileset -constrset]
Adding file 'D:/JavierJr/Documents/Escuela/AgoDic19/SistemasDigitalesAvanzados/Proyects/P04_Grey_Decoder/Grey_Decoder.ucf' to fileset 'constrs_1'
# add_files [list {Grey_Decoder.ucf}] -fileset [get_property constrset [current_run]]
# link_design
Design is defaulting to srcset: sources_1
Design is defaulting to constrset: constrs_1
Design is defaulting to project part: xc6slx16csg324-3
Release 14.7 - ngc2edif P.20131013 (nt64)
Copyright (c) 1995-2013 Xilinx, Inc.  All rights reserved.
Reading design Grey_Decoder.ngc ...
WARNING:NetListWriters:298 - No output is written to Grey_Decoder.xncf, ignored.
Processing design ...
   Preping design's networks ...
   Preping design's macros ...
  finished :Prep
Writing EDIF netlist file Grey_Decoder.edif ...
ngc2edif: Total memory usage is 4310728 kilobytes

Parsing EDIF File [./planAhead_run_1/P04_Grey_Decoder.data/cache/Grey_Decoder_ngc_zx.edif]
Finished Parsing EDIF File [./planAhead_run_1/P04_Grey_Decoder.data/cache/Grey_Decoder_ngc_zx.edif]
Loading clock regions from D:/Xilinx/14.7/ISE_DS/PlanAhead/data\parts/xilinx/spartan6/spartan6lx/xc6slx16/ClockRegion.xml
Loading clock buffers from D:/Xilinx/14.7/ISE_DS/PlanAhead/data\parts/xilinx/spartan6/spartan6lx/xc6slx16/ClockBuffers.xml
Loading package pin functions from D:/Xilinx/14.7/ISE_DS/PlanAhead/data\parts/xilinx/spartan6/PinFunctions.xml...
Loading package from D:/Xilinx/14.7/ISE_DS/PlanAhead/data\parts/xilinx/spartan6/spartan6lx/xc6slx16/csg324/Package.xml
Loading io standards from D:/Xilinx/14.7/ISE_DS/PlanAhead/data\./parts/xilinx/spartan6/IOStandards.xml
Loading device configuration modes from D:/Xilinx/14.7/ISE_DS/PlanAhead/data\parts/xilinx/spartan6/ConfigModes.xml
Loading list of drcs for the architecture : D:/Xilinx/14.7/ISE_DS/PlanAhead/data\./parts/xilinx/spartan6/drc.xml
Parsing UCF File [D:/JavierJr/Documents/Escuela/AgoDic19/SistemasDigitalesAvanzados/Proyects/P04_Grey_Decoder/Grey_Decoder.ucf]
Finished Parsing UCF File [D:/JavierJr/Documents/Escuela/AgoDic19/SistemasDigitalesAvanzados/Proyects/P04_Grey_Decoder/Grey_Decoder.ucf]
INFO: [Project 1-111] Unisim Transformation Summary:
No Unisim elements were transformed.

Phase 0 | Netlist Checksum: 81d526cd
link_design: Time (s): elapsed = 00:00:16 . Memory (MB): peak = 646.379 ; gain = 165.242
exit
ERROR: [Common 17-39] 'stop_gui' failed due to earlier errors.
INFO: [Common 17-206] Exiting PlanAhead at Wed Sep 04 12:30:18 2019...
INFO: [Common 17-83] Releasing license: PlanAhead
