Command line:
   Shift_Registers_B_tb_isim_beh.exe
     -simmode  gui
     -simrunnum  0
     -socket  54624

Tue Oct 15 19:01:02 2019


 Elaboration Time: 0.140625 sec

 Current Memory Usage: 5016.27 Meg

 Total Signals          : 13
 Total Nets             : 21
 Total Signal Drivers   : 7
 Total Blocks           : 6
 Total Primitive Blocks : 5
 Total Processes        : 3
 Total Traceable Variables  : 16
 Total Scalar Nets and Variables : 523
Total Line Count : 21
Total Line Count : 21

 Total Simulation Time: 0.203125 sec

 Current Memory Usage: 5173.56 Meg

Tue Oct 15 19:06:12 2019

