Command line:
   Demultiplexor1to8_tb_isim_beh.exe
     -simmode  gui
     -simrunnum  0
     -socket  62681

Fri Sep 20 13:12:56 2019


 Elaboration Time: 0.046875 sec

 Current Memory Usage: 368.562 Meg

 Total Signals          : 6
 Total Nets             : 12
 Total Signal Drivers   : 3
 Total Blocks           : 6
 Total Primitive Blocks : 5
 Total Processes        : 2
 Total Traceable Variables  : 15
 Total Scalar Nets and Variables : 513
Total Line Count : 15

 Total Simulation Time: 0.046875 sec

 Current Memory Usage: 683.164 Meg

Fri Sep 20 13:13:33 2019

