Command line:
   Problem2_tb_isim_beh.exe
     -simmode  gui
     -simrunnum  0
     -socket  56221

Wed Sep 18 11:24:49 2019


 Elaboration Time: 0.25 sec

 Current Memory Usage: 5817.39 Meg

 Total Signals          : 4
 Total Nets             : 9
 Total Signal Drivers   : 2
 Total Blocks           : 6
 Total Primitive Blocks : 5
 Total Processes        : 2
 Total Traceable Variables  : 15
 Total Scalar Nets and Variables : 510
Total Line Count : 21

 Total Simulation Time: 0.265625 sec

 Current Memory Usage: 5817.39 Meg

Wed Sep 18 11:24:58 2019

