Release 14.7 - xst P.20131013 (nt)
Copyright (c) 1995-2013 Xilinx, Inc.  All rights reserved.
--> Parameter TMPDIR set to xst/projnav.tmp


Total REAL time to Xst completion: 1.00 secs
Total CPU time to Xst completion: 0.11 secs
 
--> Parameter xsthdpdir set to xst


Total REAL time to Xst completion: 1.00 secs
Total CPU time to Xst completion: 0.11 secs
 
--> Reading design: Top.prj

TABLE OF CONTENTS
  1) Synthesis Options Summary
  2) HDL Parsing
  3) HDL Elaboration
  4) HDL Synthesis
       4.1) HDL Synthesis Report
  5) Advanced HDL Synthesis
       5.1) Advanced HDL Synthesis Report
  6) Low Level Synthesis
  7) Partition Report
  8) Design Summary
       8.1) Primitive and Black Box Usage
       8.2) Device utilization summary
       8.3) Partition Resource Summary
       8.4) Timing Report
            8.4.1) Clock Information
            8.4.2) Asynchronous Control Signals Information
            8.4.3) Timing Summary
            8.4.4) Timing Details
            8.4.5) Cross Clock Domains Report


=========================================================================
*                      Synthesis Options Summary                        *
=========================================================================
---- Source Parameters
Input File Name                    : "Top.prj"
Ignore Synthesis Constraint File   : NO

---- Target Parameters
Output File Name                   : "Top"
Output Format                      : NGC
Target Device                      : xc6slx16-3-csg324

---- Source Options
Top Module Name                    : Top
Automatic FSM Extraction           : YES
FSM Encoding Algorithm             : Auto
Safe Implementation                : No
FSM Style                          : LUT
RAM Extraction                     : Yes
RAM Style                          : Auto
ROM Extraction                     : Yes
Shift Register Extraction          : YES
ROM Style                          : Auto
Resource Sharing                   : YES
Asynchronous To Synchronous        : NO
Shift Register Minimum Size        : 2
Use DSP Block                      : Auto
Automatic Register Balancing       : No

---- Target Options
LUT Combining                      : Auto
Reduce Control Sets                : Auto
Add IO Buffers                     : YES
Global Maximum Fanout              : 100000
Add Generic Clock Buffer(BUFG)     : 16
Register Duplication               : YES
Optimize Instantiated Primitives   : NO
Use Clock Enable                   : Auto
Use Synchronous Set                : Auto
Use Synchronous Reset              : Auto
Pack IO Registers into IOBs        : Auto
Equivalent register Removal        : YES

---- General Options
Optimization Goal                  : Speed
Optimization Effort                : 1
Power Reduction                    : NO
Keep Hierarchy                     : No
Netlist Hierarchy                  : As_Optimized
RTL Output                         : Yes
Global Optimization                : AllClockNets
Read Cores                         : YES
Write Timing Constraints           : NO
Cross Clock Analysis               : NO
Hierarchy Separator                : /
Bus Delimiter                      : <>
Case Specifier                     : Maintain
Slice Utilization Ratio            : 100
BRAM Utilization Ratio             : 100
DSP48 Utilization Ratio            : 100
Auto BRAM Packing                  : NO
Slice Utilization Ratio Delta      : 5

=========================================================================


=========================================================================
*                          HDL Parsing                                  *
=========================================================================
Parsing VHDL file "D:\ProySisDigAva\P25_VGA_Display\VGA_DISPLAY.vhd" into library work
Parsing entity <VGA_DISPLAY>.
Parsing architecture <Behavioral> of entity <vga_display>.
Parsing VHDL file "D:\ProySisDigAva\P25_VGA_Display\VGA.vhd" into library work
Parsing entity <VGA>.
Parsing architecture <Behavioral> of entity <vga>.
Parsing VHDL file "D:\ProySisDigAva\P25_VGA_Display\Top.vhd" into library work
Parsing entity <Top>.
Parsing architecture <Behavioral> of entity <top>.

=========================================================================
*                            HDL Elaboration                            *
=========================================================================

Elaborating entity <Top> (architecture <Behavioral>) from library <work>.

Elaborating entity <VGA> (architecture <Behavioral>) with generics from library <work>.
INFO:HDLCompiler:679 - "D:\ProySisDigAva\P25_VGA_Display\VGA.vhd" Line 164. Case statement is complete. others clause is never selected

Elaborating entity <VGA_DISPLAY> (architecture <Behavioral>) from library <work>.

=========================================================================
*                           HDL Synthesis                               *
=========================================================================

Synthesizing Unit <Top>.
    Related source file is "D:\ProySisDigAva\P25_VGA_Display\Top.vhd".
    Summary:
	no macro.
Unit <Top> synthesized.

Synthesizing Unit <VGA>.
    Related source file is "D:\ProySisDigAva\P25_VGA_Display\VGA.vhd".
        MX_HS = 800
        MX_VS = 521
    Found 1-bit register for signal <En_25>.
    Found 2-bit register for signal <pr_state>.
    Found 2-bit register for signal <FreqDiv.Count>.
    Found 10-bit register for signal <CuentaH>.
    Found 10-bit register for signal <CuentaV>.
    Found finite state machine <FSM_0> for signal <pr_state>.
    -----------------------------------------------------------------------
    | States             | 4                                              |
    | Transitions        | 12                                             |
    | Inputs             | 2                                              |
    | Outputs            | 8                                              |
    | Clock              | Clk (rising_edge)                              |
    | Reset              | Rst (positive)                                 |
    | Reset type         | asynchronous                                   |
    | Reset State        | al_hs                                          |
    | Power Up State     | al_hs                                          |
    | Encoding           | auto                                           |
    | Implementation     | LUT                                            |
    -----------------------------------------------------------------------
    Found 2-bit adder for signal <FreqDiv.Count[1]_GND_7_o_add_4_OUT> created at line 92.
    Found 10-bit adder for signal <CuentaH[9]_GND_7_o_add_8_OUT> created at line 113.
    Found 10-bit adder for signal <CuentaV[9]_GND_7_o_add_14_OUT> created at line 125.
    Found 10-bit subtractor for signal <X> created at line 35.
    Found 10-bit subtractor for signal <Y> created at line 36.
    Found 10-bit comparator lessequal for signal <n0003> created at line 79
    Found 10-bit comparator equal for signal <Tiempo[9]_CuentaH[9]_equal_8_o> created at line 109
    Found 10-bit comparator lessequal for signal <n0030> created at line 169
    Found 10-bit comparator lessequal for signal <n0032> created at line 169
    Summary:
	inferred   5 Adder/Subtractor(s).
	inferred  23 D-type flip-flop(s).
	inferred   4 Comparator(s).
	inferred   1 Finite State Machine(s).
Unit <VGA> synthesized.

Synthesizing Unit <VGA_DISPLAY>.
    Related source file is "D:\ProySisDigAva\P25_VGA_Display\VGA_DISPLAY.vhd".
WARNING:Xst:647 - Input <Yin> is never used. This port will be preserved and left unconnected if it belongs to a top-level block or it belongs to a sub-block and the hierarchy of this sub-block is preserved.
    Found 10-bit comparator greater for signal <Xin[9]_GND_8_o_LessThan_1_o> created at line 49
    Found 10-bit comparator greater for signal <Xin[9]_GND_8_o_LessThan_2_o> created at line 50
    Found 10-bit comparator greater for signal <Xin[9]_GND_8_o_LessThan_3_o> created at line 51
    Found 10-bit comparator greater for signal <Xin[9]_GND_8_o_LessThan_4_o> created at line 52
    Found 10-bit comparator greater for signal <Xin[9]_GND_8_o_LessThan_5_o> created at line 53
    Found 10-bit comparator greater for signal <Xin[9]_GND_8_o_LessThan_6_o> created at line 54
    Found 10-bit comparator greater for signal <Xin[9]_PWR_9_o_LessThan_7_o> created at line 55
    Summary:
	inferred   7 Comparator(s).
	inferred   7 Multiplexer(s).
Unit <VGA_DISPLAY> synthesized.

=========================================================================
HDL Synthesis Report

Macro Statistics
# Adders/Subtractors                                   : 5
 10-bit adder                                          : 2
 10-bit subtractor                                     : 2
 2-bit adder                                           : 1
# Registers                                            : 4
 1-bit register                                        : 1
 10-bit register                                       : 2
 2-bit register                                        : 1
# Comparators                                          : 11
 10-bit comparator equal                               : 1
 10-bit comparator greater                             : 7
 10-bit comparator lessequal                           : 3
# Multiplexers                                         : 7
 8-bit 2-to-1 multiplexer                              : 7
# FSMs                                                 : 1

=========================================================================

=========================================================================
*                       Advanced HDL Synthesis                          *
=========================================================================


Synthesizing (advanced) Unit <VGA>.
The following registers are absorbed into counter <FreqDiv.Count>: 1 register on signal <FreqDiv.Count>.
The following registers are absorbed into counter <CuentaH>: 1 register on signal <CuentaH>.
The following registers are absorbed into counter <CuentaV>: 1 register on signal <CuentaV>.
Unit <VGA> synthesized (advanced).

=========================================================================
Advanced HDL Synthesis Report

Macro Statistics
# Adders/Subtractors                                   : 3
 10-bit subtractor                                     : 2
 2-bit adder                                           : 1
# Counters                                             : 3
 10-bit up counter                                     : 2
 2-bit up counter                                      : 1
# Registers                                            : 1
 Flip-Flops                                            : 1
# Comparators                                          : 11
 10-bit comparator equal                               : 1
 10-bit comparator greater                             : 7
 10-bit comparator lessequal                           : 3
# Multiplexers                                         : 7
 8-bit 2-to-1 multiplexer                              : 7
# FSMs                                                 : 1

=========================================================================

=========================================================================
*                         Low Level Synthesis                           *
=========================================================================
Analyzing FSM <MFsm> for best encoding.
Optimizing FSM <C01/FSM_0> on signal <pr_state[1:2]> with user encoding.
-------------------
 State | Encoding
-------------------
 al_hs | 00
 fp_hs | 01
 pu_hs | 10
 bp_hs | 11
-------------------

Optimizing unit <Top> ...

Optimizing unit <VGA> ...

Mapping all equations...
Building and optimizing final netlist ...
Found area constraint ratio of 100 (+ 5) on block Top, actual ratio is 0.

Final Macro Processing ...

=========================================================================
Final Register Report

Macro Statistics
# Registers                                            : 25
 Flip-Flops                                            : 25

=========================================================================

=========================================================================
*                           Partition Report                            *
=========================================================================

Partition Implementation Status
-------------------------------

  No Partitions were found in this design.

-------------------------------

=========================================================================
*                            Design Summary                             *
=========================================================================

Top Level Output File Name         : Top.ngc

Primitive and Black Box Usage:
------------------------------
# BELS                             : 105
#      GND                         : 1
#      INV                         : 3
#      LUT1                        : 18
#      LUT2                        : 7
#      LUT3                        : 3
#      LUT4                        : 13
#      LUT5                        : 5
#      LUT6                        : 15
#      MUXCY                       : 18
#      MUXF7                       : 1
#      VCC                         : 1
#      XORCY                       : 20
# FlipFlops/Latches                : 25
#      FD                          : 11
#      FDC                         : 5
#      FDRE                        : 9
# Clock Buffers                    : 1
#      BUFGP                       : 1
# IO Buffers                       : 11
#      IBUF                        : 1
#      OBUF                        : 10

Device utilization summary:
---------------------------

Selected Device : 6slx16csg324-3 


Slice Logic Utilization: 
 Number of Slice Registers:              25  out of  18224     0%  
 Number of Slice LUTs:                   64  out of   9112     0%  
    Number used as Logic:                64  out of   9112     0%  

Slice Logic Distribution: 
 Number of LUT Flip Flop pairs used:     64
   Number with an unused Flip Flop:      39  out of     64    60%  
   Number with an unused LUT:             0  out of     64     0%  
   Number of fully used LUT-FF pairs:    25  out of     64    39%  
   Number of unique control sets:         3

IO Utilization: 
 Number of IOs:                          12
 Number of bonded IOBs:                  12  out of    232     5%  

Specific Feature Utilization:
 Number of BUFG/BUFGCTRLs:                1  out of     16     6%  

---------------------------
Partition Resource Summary:
---------------------------

  No Partitions were found in this design.

---------------------------


=========================================================================
Timing Report

NOTE: THESE TIMING NUMBERS ARE ONLY A SYNTHESIS ESTIMATE.
      FOR ACCURATE TIMING INFORMATION PLEASE REFER TO THE TRACE REPORT
      GENERATED AFTER PLACE-and-ROUTE.

Clock Information:
------------------
-----------------------------------+------------------------+-------+
Clock Signal                       | Clock buffer(FF name)  | Load  |
-----------------------------------+------------------------+-------+
Clk                                | BUFGP                  | 25    |
-----------------------------------+------------------------+-------+

Asynchronous Control Signals Information:
----------------------------------------
No asynchronous control signals found in this design

Timing Summary:
---------------
Speed Grade: -3

   Minimum period: 4.782ns (Maximum Frequency: 209.118MHz)
   Minimum input arrival time before clock: 4.808ns
   Maximum output required time after clock: 8.635ns
   Maximum combinational path delay: No path found

Timing Details:
---------------
All values displayed in nanoseconds (ns)

=========================================================================
Timing constraint: Default period analysis for Clock 'Clk'
  Clock period: 4.782ns (frequency: 209.118MHz)
  Total number of paths / destination ports: 841 / 43
-------------------------------------------------------------------------
Delay:               4.782ns (Levels of Logic = 4)
  Source:            C01/CuentaH_5 (FF)
  Destination:       C01/CuentaV_9 (FF)
  Source Clock:      Clk rising
  Destination Clock: Clk rising

  Data Path: C01/CuentaH_5 to C01/CuentaV_9
                                Gate     Net
    Cell:in->out      fanout   Delay   Delay  Logical Name (Net Name)
    ----------------------------------------  ------------
     FDRE:C->Q             6   0.447   1.089  C01/CuentaH_5 (C01/CuentaH_5)
     LUT6:I1->O            3   0.203   0.879  C01/Tiempo[9]_CuentaH[9]_equal_8_o102 (C01/Tiempo[9]_CuentaH[9]_equal_8_o101)
     LUT5:I2->O            2   0.205   0.617  C01/Tiempo[9]_CuentaH[9]_equal_8_o104 (C01/Tiempo[9]_CuentaH[9]_equal_8_o)
     LUT5:I4->O            9   0.205   0.830  C01/_n00783 (C01/_n0078)
     LUT4:I3->O            1   0.205   0.000  C01/CuentaV_9_rstpot (C01/CuentaV_9_rstpot)
     FD:D                      0.102          C01/CuentaV_9
    ----------------------------------------
    Total                      4.782ns (1.367ns logic, 3.415ns route)
                                       (28.6% logic, 71.4% route)

=========================================================================
Timing constraint: Default OFFSET IN BEFORE for Clock 'Clk'
  Total number of paths / destination ports: 45 / 34
-------------------------------------------------------------------------
Offset:              4.808ns (Levels of Logic = 4)
  Source:            Rst (PAD)
  Destination:       C01/CuentaV_9 (FF)
  Destination Clock: Clk rising

  Data Path: Rst to C01/CuentaV_9
                                Gate     Net
    Cell:in->out      fanout   Delay   Delay  Logical Name (Net Name)
    ----------------------------------------  ------------
     IBUF:I->O            10   1.222   1.104  Rst_IBUF (Rst_IBUF)
     LUT4:I0->O            1   0.203   0.808  C01/Tiempo[9]_CuentaH[9]_equal_8_o104_SW0 (N6)
     LUT4:I1->O           10   0.205   0.961  C01/_n0089_inv1 (C01/_n0089_inv)
     LUT4:I2->O            1   0.203   0.000  C01/CuentaV_9_rstpot (C01/CuentaV_9_rstpot)
     FD:D                      0.102          C01/CuentaV_9
    ----------------------------------------
    Total                      4.808ns (1.935ns logic, 2.873ns route)
                                       (40.2% logic, 59.8% route)

=========================================================================
Timing constraint: Default OFFSET OUT AFTER for Clock 'Clk'
  Total number of paths / destination ports: 482 / 10
-------------------------------------------------------------------------
Offset:              8.635ns (Levels of Logic = 7)
  Source:            C01/CuentaH_4 (FF)
  Destination:       Green<2> (PAD)
  Source Clock:      Clk rising

  Data Path: C01/CuentaH_4 to Green<2>
                                Gate     Net
    Cell:in->out      fanout   Delay   Delay  Logical Name (Net Name)
    ----------------------------------------  ------------
     FDRE:C->Q             7   0.447   1.002  C01/CuentaH_4 (C01/CuentaH_4)
     LUT3:I0->O            1   0.205   0.580  C01/Msub_X_cy<7>1_SW0 (N4)
     LUT6:I5->O            2   0.205   0.617  C01/Msub_X_cy<7>1 (C01/Msub_X_cy<7>)
     LUT2:I1->O            2   0.205   0.961  C01/Msub_X_xor<8>11 (X_emb<8>)
     LUT6:I1->O            1   0.203   0.000  C02/Color<1>1_G (N13)
     MUXF7:I1->O           1   0.140   0.580  C02/Color<1>1 (C02/Color<1>)
     LUT2:I1->O            5   0.205   0.714  C02/Color<1>2 (Blue_0_OBUF)
     OBUF:I->O                 2.571          Green_2_OBUF (Green<2>)
    ----------------------------------------
    Total                      8.635ns (4.181ns logic, 4.454ns route)
                                       (48.4% logic, 51.6% route)

=========================================================================

Cross Clock Domains Report:
--------------------------

Clock to Setup on destination clock Clk
---------------+---------+---------+---------+---------+
               | Src:Rise| Src:Fall| Src:Rise| Src:Fall|
Source Clock   |Dest:Rise|Dest:Rise|Dest:Fall|Dest:Fall|
---------------+---------+---------+---------+---------+
Clk            |    4.782|         |         |         |
---------------+---------+---------+---------+---------+

=========================================================================


Total REAL time to Xst completion: 4.00 secs
Total CPU time to Xst completion: 3.64 secs
 
--> 

Total memory usage is 197416 kilobytes

Number of errors   :    0 (   0 filtered)
Number of warnings :    1 (   0 filtered)
Number of infos    :    0 (   0 filtered)

