#-----------------------------------------------------------
# PlanAhead v14.7 (64-bit)
# Build 321239 by xbuild on Fri Sep 27 19:29:51 MDT 2013
# Start of session at: Sun Oct 13 12:05:51 2019
# Process ID: 9160
# Log file: D:/JavierJr/Documents/ISD/AgoDic19/SistemasDigitalesAvanzados/Projects/P13_Counter_BinDec/planAhead_run_1/planAhead.log
# Journal file: D:/JavierJr/Documents/ISD/AgoDic19/SistemasDigitalesAvanzados/Projects/P13_Counter_BinDec/planAhead_run_1/planAhead.jou
#-----------------------------------------------------------
INFO: [Common 17-78] Attempting to get a license: PlanAhead
INFO: [Common 17-290] Got license for PlanAhead
INFO: [Common 17-86] Your PlanAhead license expires in -1138 day(s)
INFO: [Device 21-36] Loading parts and site information from D:/Xilinx/14.7/ISE_DS/PlanAhead/data/parts/arch.xml
Parsing RTL primitives file [D:/Xilinx/14.7/ISE_DS/PlanAhead/data/parts/xilinx/rtl/prims/rtl_prims.xml]
Finished parsing RTL primitives file [D:/Xilinx/14.7/ISE_DS/PlanAhead/data/parts/xilinx/rtl/prims/rtl_prims.xml]
start_gui
source D:/JavierJr/Documents/ISD/AgoDic19/SistemasDigitalesAvanzados/Projects/P13_Counter_BinDec/pa.fromNetlist.tcl
# create_project -name P13_Counter_BinDec -dir "D:/JavierJr/Documents/ISD/AgoDic19/SistemasDigitalesAvanzados/Projects/P13_Counter_BinDec/planAhead_run_1" -part xc6slx16csg324-3
# set_property design_mode GateLvl [get_property srcset [current_run -impl]]
# set_property edif_top_file "D:/JavierJr/Documents/ISD/AgoDic19/SistemasDigitalesAvanzados/Projects/P13_Counter_BinDec/Counter_BinDec.ngc" [ get_property srcset [ current_run ] ]
# add_files -norecurse { {D:/JavierJr/Documents/ISD/AgoDic19/SistemasDigitalesAvanzados/Projects/P13_Counter_BinDec} }
# set_param project.pinAheadLayout  yes
# set_property target_constrs_file "Counter_BinDec.ucf" [current_fileset -constrset]
Adding file 'D:/JavierJr/Documents/ISD/AgoDic19/SistemasDigitalesAvanzados/Projects/P13_Counter_BinDec/Counter_BinDec.ucf' to fileset 'constrs_1'
# add_files [list {Counter_BinDec.ucf}] -fileset [get_property constrset [current_run]]
# link_design
Design is defaulting to srcset: sources_1
Design is defaulting to constrset: constrs_1
Design is defaulting to project part: xc6slx16csg324-3
Release 14.7 - ngc2edif P.20131013 (nt64)
Copyright (c) 1995-2013 Xilinx, Inc.  All rights reserved.
Reading design Counter_BinDec.ngc ...
WARNING:NetListWriters:298 - No output is written to Counter_BinDec.xncf,
   ignored.
Processing design ...
   Preping design's networks ...
   Preping design's macros ...
  finished :Prep
Writing EDIF netlist file Counter_BinDec.edif ...
ngc2edif: Total memory usage is 4310796 kilobytes

Parsing EDIF File [./planAhead_run_1/P13_Counter_BinDec.data/cache/Counter_BinDec_ngc_zx.edif]
Finished Parsing EDIF File [./planAhead_run_1/P13_Counter_BinDec.data/cache/Counter_BinDec_ngc_zx.edif]
INFO: [Netlist 29-17] Analyzing 1 Unisim elements for replacement
INFO: [Netlist 29-28] Unisim Transformation completed in 0 CPU seconds
Loading clock regions from D:/Xilinx/14.7/ISE_DS/PlanAhead/data\parts/xilinx/spartan6/spartan6lx/xc6slx16/ClockRegion.xml
Loading clock buffers from D:/Xilinx/14.7/ISE_DS/PlanAhead/data\parts/xilinx/spartan6/spartan6lx/xc6slx16/ClockBuffers.xml
Loading package pin functions from D:/Xilinx/14.7/ISE_DS/PlanAhead/data\parts/xilinx/spartan6/PinFunctions.xml...
Loading package from D:/Xilinx/14.7/ISE_DS/PlanAhead/data\parts/xilinx/spartan6/spartan6lx/xc6slx16/csg324/Package.xml
Loading io standards from D:/Xilinx/14.7/ISE_DS/PlanAhead/data\./parts/xilinx/spartan6/IOStandards.xml
Loading device configuration modes from D:/Xilinx/14.7/ISE_DS/PlanAhead/data\parts/xilinx/spartan6/ConfigModes.xml
Loading list of drcs for the architecture : D:/Xilinx/14.7/ISE_DS/PlanAhead/data\./parts/xilinx/spartan6/drc.xml
Parsing UCF File [D:/JavierJr/Documents/ISD/AgoDic19/SistemasDigitalesAvanzados/Projects/P13_Counter_BinDec/Counter_BinDec.ucf]
Finished Parsing UCF File [D:/JavierJr/Documents/ISD/AgoDic19/SistemasDigitalesAvanzados/Projects/P13_Counter_BinDec/Counter_BinDec.ucf]
INFO: [Project 1-111] Unisim Transformation Summary:
  A total of 1 instances were transformed.
  BUFGP => BUFGP (IBUF, BUFG): 1 instances

Phase 0 | Netlist Checksum: 9834868c
link_design: Time (s): elapsed = 00:00:15 . Memory (MB): peak = 681.527 ; gain = 203.793
exit
ERROR: [PlanAhead 12-106] *** Exception: ui.h.b: Found deleted key in HTclEventBroker. Verify if the classes listed here call cleanup()
HTclEvent: SIGNAL_BUS_MODIFY   Classes: ui.views.aR 
HTclEvent: DEBUG_CORE_CONFIG_CHANGE   Classes: ui.views.aR 
HTclEvent: SIGNAL_MODIFY   Classes: ui.views.aR 
HTclEvent: DEBUG_PORT_CONFIG_CHANGE   Classes: ui.views.aR 
 (See D:/JavierJr/Documents/ISD/AgoDic19/SistemasDigitalesAvanzados/Projects/P13_Counter_BinDec\planAhead_pid9160.debug)
ERROR: [Common 17-39] 'stop_gui' failed due to earlier errors.
INFO: [Common 17-206] Exiting PlanAhead at Sun Oct 13 12:06:44 2019...
INFO: [Common 17-83] Releasing license: PlanAhead
