Release 14.7 - xst P.20131013 (nt64)
Copyright (c) 1995-2013 Xilinx, Inc.  All rights reserved.
--> Parameter TMPDIR set to xst/projnav.tmp


Total REAL time to Xst completion: 0.00 secs
Total CPU time to Xst completion: 0.09 secs
 
--> Parameter xsthdpdir set to xst


Total REAL time to Xst completion: 0.00 secs
Total CPU time to Xst completion: 0.09 secs
 
--> Reading design: Cont0a59.prj

TABLE OF CONTENTS
  1) Synthesis Options Summary
  2) HDL Parsing
  3) HDL Elaboration
  4) HDL Synthesis
       4.1) HDL Synthesis Report
  5) Advanced HDL Synthesis
       5.1) Advanced HDL Synthesis Report
  6) Low Level Synthesis
  7) Partition Report
  8) Design Summary
       8.1) Primitive and Black Box Usage
       8.2) Device utilization summary
       8.3) Partition Resource Summary
       8.4) Timing Report
            8.4.1) Clock Information
            8.4.2) Asynchronous Control Signals Information
            8.4.3) Timing Summary
            8.4.4) Timing Details
            8.4.5) Cross Clock Domains Report


=========================================================================
*                      Synthesis Options Summary                        *
=========================================================================
---- Source Parameters
Input File Name                    : "Cont0a59.prj"
Ignore Synthesis Constraint File   : NO

---- Target Parameters
Output File Name                   : "Cont0a59"
Output Format                      : NGC
Target Device                      : xc6slx16-3-csg324

---- Source Options
Top Module Name                    : Cont0a59
Automatic FSM Extraction           : YES
FSM Encoding Algorithm             : Auto
Safe Implementation                : No
FSM Style                          : LUT
RAM Extraction                     : Yes
RAM Style                          : Auto
ROM Extraction                     : Yes
Shift Register Extraction          : YES
ROM Style                          : Auto
Resource Sharing                   : YES
Asynchronous To Synchronous        : NO
Shift Register Minimum Size        : 2
Use DSP Block                      : Auto
Automatic Register Balancing       : No

---- Target Options
LUT Combining                      : Auto
Reduce Control Sets                : Auto
Add IO Buffers                     : YES
Global Maximum Fanout              : 100000
Add Generic Clock Buffer(BUFG)     : 16
Register Duplication               : YES
Optimize Instantiated Primitives   : NO
Use Clock Enable                   : Auto
Use Synchronous Set                : Auto
Use Synchronous Reset              : Auto
Pack IO Registers into IOBs        : Auto
Equivalent register Removal        : YES

---- General Options
Optimization Goal                  : Speed
Optimization Effort                : 1
Power Reduction                    : NO
Keep Hierarchy                     : No
Netlist Hierarchy                  : As_Optimized
RTL Output                         : Yes
Global Optimization                : AllClockNets
Read Cores                         : YES
Write Timing Constraints           : NO
Cross Clock Analysis               : NO
Hierarchy Separator                : /
Bus Delimiter                      : <>
Case Specifier                     : Maintain
Slice Utilization Ratio            : 100
BRAM Utilization Ratio             : 100
DSP48 Utilization Ratio            : 100
Auto BRAM Packing                  : NO
Slice Utilization Ratio Delta      : 5

=========================================================================


=========================================================================
*                          HDL Parsing                                  *
=========================================================================
Parsing VHDL file "D:\JavierJr\Documents\ISD\AgoDic19\SistemasDigitalesAvanzados\Projects\P18_Cont0a59\SelDisplay.vhd" into library work
Parsing entity <SelDisplay>.
Parsing architecture <Behavioral> of entity <seldisplay>.
Parsing VHDL file "D:\JavierJr\Documents\ISD\AgoDic19\SistemasDigitalesAvanzados\Projects\P18_Cont0a59\SelAnodo.vhd" into library work
Parsing entity <SelAnodo>.
Parsing architecture <Behavioral> of entity <selanodo>.
Parsing VHDL file "D:\JavierJr\Documents\ISD\AgoDic19\SistemasDigitalesAvanzados\Projects\P18_Cont0a59\Div200Hz.vhd" into library work
Parsing entity <Div200Hz>.
Parsing architecture <Div200Hz_Arch> of entity <div200hz>.
Parsing VHDL file "D:\JavierJr\Documents\ISD\AgoDic19\SistemasDigitalesAvanzados\Projects\P18_Cont0a59\Div1Hz.vhd" into library work
Parsing entity <Div1Hz>.
Parsing architecture <Div1Hz_Arch> of entity <div1hz>.
Parsing VHDL file "D:\JavierJr\Documents\ISD\AgoDic19\SistemasDigitalesAvanzados\Projects\P18_Cont0a59\DecBin7Seg.vhd" into library work
Parsing entity <DecBin7Seg>.
Parsing architecture <Behavioral> of entity <decbin7seg>.
Parsing VHDL file "D:\JavierJr\Documents\ISD\AgoDic19\SistemasDigitalesAvanzados\Projects\P18_Cont0a59\ContUniBin.vhd" into library work
Parsing entity <ContUniBin>.
Parsing architecture <ContUniBin_Arch> of entity <contunibin>.
Parsing VHDL file "D:\JavierJr\Documents\ISD\AgoDic19\SistemasDigitalesAvanzados\Projects\P18_Cont0a59\ContDecBin.vhd" into library work
Parsing entity <ContDecBin>.
Parsing architecture <ContDecBin_Arch> of entity <contdecbin>.
Parsing VHDL file "D:\JavierJr\Documents\ISD\AgoDic19\SistemasDigitalesAvanzados\Projects\P18_Cont0a59\Cont0a59.vhd" into library work
Parsing entity <Cont0a59>.
Parsing architecture <Behavioral> of entity <cont0a59>.

=========================================================================
*                            HDL Elaboration                            *
=========================================================================

Elaborating entity <Cont0a59> (architecture <Behavioral>) from library <work>.

Elaborating entity <Div1Hz> (architecture <Div1Hz_Arch>) from library <work>.

Elaborating entity <Div200Hz> (architecture <Div200Hz_Arch>) from library <work>.

Elaborating entity <ContUniBin> (architecture <ContUniBin_Arch>) from library <work>.

Elaborating entity <ContDecBin> (architecture <ContDecBin_Arch>) from library <work>.

Elaborating entity <SelDisplay> (architecture <Behavioral>) from library <work>.

Elaborating entity <DecBin7Seg> (architecture <Behavioral>) from library <work>.

Elaborating entity <SelAnodo> (architecture <Behavioral>) from library <work>.

=========================================================================
*                           HDL Synthesis                               *
=========================================================================

Synthesizing Unit <Cont0a59>.
    Related source file is "D:\JavierJr\Documents\ISD\AgoDic19\SistemasDigitalesAvanzados\Projects\P18_Cont0a59\Cont0a59.vhd".
    Summary:
	no macro.
Unit <Cont0a59> synthesized.

Synthesizing Unit <Div1Hz>.
    Related source file is "D:\JavierJr\Documents\ISD\AgoDic19\SistemasDigitalesAvanzados\Projects\P18_Cont0a59\Div1Hz.vhd".
    Found 27-bit register for signal <Count100M>.
    Found 1-bit register for signal <Clk_1Hz>.
    Found 27-bit adder for signal <Count100M[26]_GND_7_o_add_1_OUT> created at line 44.
    Summary:
	inferred   1 Adder/Subtractor(s).
	inferred  28 D-type flip-flop(s).
Unit <Div1Hz> synthesized.

Synthesizing Unit <Div200Hz>.
    Related source file is "D:\JavierJr\Documents\ISD\AgoDic19\SistemasDigitalesAvanzados\Projects\P18_Cont0a59\Div200Hz.vhd".
    Found 19-bit register for signal <Count100M>.
    Found 1-bit register for signal <Toggle>.
    Found 19-bit adder for signal <Count100M[18]_GND_8_o_add_1_OUT> created at line 48.
    Summary:
	inferred   1 Adder/Subtractor(s).
	inferred  20 D-type flip-flop(s).
Unit <Div200Hz> synthesized.

Synthesizing Unit <ContUniBin>.
    Related source file is "D:\JavierJr\Documents\ISD\AgoDic19\SistemasDigitalesAvanzados\Projects\P18_Cont0a59\ContUniBin.vhd".
    Found 1-bit register for signal <TC>.
    Found 4-bit register for signal <CountDer>.
    Found 4-bit adder for signal <CountDer[3]_GND_9_o_add_2_OUT> created at line 45.
    Found 4-bit comparator greater for signal <n0000> created at line 44
    Summary:
	inferred   1 Adder/Subtractor(s).
	inferred   5 D-type flip-flop(s).
	inferred   1 Comparator(s).
Unit <ContUniBin> synthesized.

Synthesizing Unit <ContDecBin>.
    Related source file is "D:\JavierJr\Documents\ISD\AgoDic19\SistemasDigitalesAvanzados\Projects\P18_Cont0a59\ContDecBin.vhd".
    Found 4-bit register for signal <CountIzq>.
    Found 4-bit adder for signal <CountIzq[3]_GND_10_o_add_2_OUT> created at line 43.
    Found 4-bit comparator greater for signal <n0001> created at line 42
    Summary:
	inferred   1 Adder/Subtractor(s).
	inferred   4 D-type flip-flop(s).
	inferred   1 Comparator(s).
Unit <ContDecBin> synthesized.

Synthesizing Unit <SelDisplay>.
    Related source file is "D:\JavierJr\Documents\ISD\AgoDic19\SistemasDigitalesAvanzados\Projects\P18_Cont0a59\SelDisplay.vhd".
    Summary:
	inferred   1 Multiplexer(s).
Unit <SelDisplay> synthesized.

Synthesizing Unit <DecBin7Seg>.
    Related source file is "D:\JavierJr\Documents\ISD\AgoDic19\SistemasDigitalesAvanzados\Projects\P18_Cont0a59\DecBin7Seg.vhd".
    Found 16x8-bit Read Only RAM for signal <Seg_out>
    Summary:
	inferred   1 RAM(s).
Unit <DecBin7Seg> synthesized.

Synthesizing Unit <SelAnodo>.
    Related source file is "D:\JavierJr\Documents\ISD\AgoDic19\SistemasDigitalesAvanzados\Projects\P18_Cont0a59\SelAnodo.vhd".
    Summary:
	no macro.
Unit <SelAnodo> synthesized.

=========================================================================
HDL Synthesis Report

Macro Statistics
# RAMs                                                 : 1
 16x8-bit single-port Read Only RAM                    : 1
# Adders/Subtractors                                   : 4
 19-bit adder                                          : 1
 27-bit adder                                          : 1
 4-bit adder                                           : 2
# Registers                                            : 7
 1-bit register                                        : 3
 19-bit register                                       : 1
 27-bit register                                       : 1
 4-bit register                                        : 2
# Comparators                                          : 2
 4-bit comparator greater                              : 2
# Multiplexers                                         : 1
 4-bit 2-to-1 multiplexer                              : 1

=========================================================================

=========================================================================
*                       Advanced HDL Synthesis                          *
=========================================================================


Synthesizing (advanced) Unit <ContDecBin>.
The following registers are absorbed into counter <CountIzq>: 1 register on signal <CountIzq>.
Unit <ContDecBin> synthesized (advanced).

Synthesizing (advanced) Unit <ContUniBin>.
The following registers are absorbed into counter <CountDer>: 1 register on signal <CountDer>.
Unit <ContUniBin> synthesized (advanced).

Synthesizing (advanced) Unit <DecBin7Seg>.
INFO:Xst:3218 - HDL ADVISOR - The RAM <Mram_Seg_out> will be implemented on LUTs either because you have described an asynchronous read or because of currently unsupported block RAM features. If you have described an asynchronous read, making it synchronous would allow you to take advantage of available block RAM resources, for optimized device usage and improved timings. Please refer to your documentation for coding guidelines.
    -----------------------------------------------------------------------
    | ram_type           | Distributed                         |          |
    -----------------------------------------------------------------------
    | Port A                                                              |
    |     aspect ratio   | 16-word x 8-bit                     |          |
    |     weA            | connected to signal <GND>           | high     |
    |     addrA          | connected to signal <Valor>         |          |
    |     diA            | connected to signal <GND>           |          |
    |     doA            | connected to signal <Seg_out>       |          |
    -----------------------------------------------------------------------
Unit <DecBin7Seg> synthesized (advanced).

Synthesizing (advanced) Unit <Div1Hz>.
The following registers are absorbed into counter <Count100M>: 1 register on signal <Count100M>.
Unit <Div1Hz> synthesized (advanced).

Synthesizing (advanced) Unit <Div200Hz>.
The following registers are absorbed into counter <Count100M>: 1 register on signal <Count100M>.
Unit <Div200Hz> synthesized (advanced).

=========================================================================
Advanced HDL Synthesis Report

Macro Statistics
# RAMs                                                 : 1
 16x8-bit single-port distributed Read Only RAM        : 1
# Counters                                             : 4
 19-bit up counter                                     : 1
 27-bit up counter                                     : 1
 4-bit up counter                                      : 2
# Registers                                            : 3
 Flip-Flops                                            : 3
# Comparators                                          : 2
 4-bit comparator greater                              : 2
# Multiplexers                                         : 1
 4-bit 2-to-1 multiplexer                              : 1

=========================================================================

=========================================================================
*                         Low Level Synthesis                           *
=========================================================================

Optimizing unit <Cont0a59> ...

Mapping all equations...
Building and optimizing final netlist ...
Found area constraint ratio of 100 (+ 5) on block Cont0a59, actual ratio is 1.

Final Macro Processing ...

=========================================================================
Final Register Report

Macro Statistics
# Registers                                            : 57
 Flip-Flops                                            : 57

=========================================================================

=========================================================================
*                           Partition Report                            *
=========================================================================

Partition Implementation Status
-------------------------------

  No Partitions were found in this design.

-------------------------------

=========================================================================
*                            Design Summary                             *
=========================================================================

Top Level Output File Name         : Cont0a59.ngc

Primitive and Black Box Usage:
------------------------------
# BELS                             : 216
#      GND                         : 1
#      INV                         : 4
#      LUT1                        : 44
#      LUT2                        : 29
#      LUT3                        : 4
#      LUT4                        : 2
#      LUT5                        : 2
#      LUT6                        : 39
#      MUXCY                       : 44
#      VCC                         : 1
#      XORCY                       : 46
# FlipFlops/Latches                : 57
#      FD                          : 52
#      FD_1                        : 1
#      FDRE                        : 4
# Clock Buffers                    : 1
#      BUFGP                       : 1
# IO Buffers                       : 12
#      OBUF                        : 12

Device utilization summary:
---------------------------

Selected Device : 6slx16csg324-3 


Slice Logic Utilization: 
 Number of Slice Registers:              57  out of  18224     0%  
 Number of Slice LUTs:                  124  out of   9112     1%  
    Number used as Logic:               124  out of   9112     1%  

Slice Logic Distribution: 
 Number of LUT Flip Flop pairs used:    124
   Number with an unused Flip Flop:      67  out of    124    54%  
   Number with an unused LUT:             0  out of    124     0%  
   Number of fully used LUT-FF pairs:    57  out of    124    45%  
   Number of unique control sets:         2

IO Utilization: 
 Number of IOs:                          13
 Number of bonded IOBs:                  13  out of    232     5%  

Specific Feature Utilization:
 Number of BUFG/BUFGCTRLs:                1  out of     16     6%  

---------------------------
Partition Resource Summary:
---------------------------

  No Partitions were found in this design.

---------------------------


=========================================================================
Timing Report

NOTE: THESE TIMING NUMBERS ARE ONLY A SYNTHESIS ESTIMATE.
      FOR ACCURATE TIMING INFORMATION PLEASE REFER TO THE TRACE REPORT
      GENERATED AFTER PLACE-and-ROUTE.

Clock Information:
------------------
-----------------------------------+------------------------+-------+
Clock Signal                       | Clock buffer(FF name)  | Load  |
-----------------------------------+------------------------+-------+
Clk                                | BUFGP                  | 57    |
-----------------------------------+------------------------+-------+

Asynchronous Control Signals Information:
----------------------------------------
No asynchronous control signals found in this design

Timing Summary:
---------------
Speed Grade: -3

   Minimum period: 3.987ns (Maximum Frequency: 250.790MHz)
   Minimum input arrival time before clock: No path found
   Maximum output required time after clock: 6.304ns
   Maximum combinational path delay: No path found

Timing Details:
---------------
All values displayed in nanoseconds (ns)

=========================================================================
Timing constraint: Default period analysis for Clock 'Clk'
  Clock period: 3.987ns (frequency: 250.790MHz)
  Total number of paths / destination ports: 1776 / 65
-------------------------------------------------------------------------
Delay:               3.987ns (Levels of Logic = 3)
  Source:            U1/Count100M_24 (FF)
  Destination:       U1/Count100M_0 (FF)
  Source Clock:      Clk rising
  Destination Clock: Clk rising

  Data Path: U1/Count100M_24 to U1/Count100M_0
                                Gate     Net
    Cell:in->out      fanout   Delay   Delay  Logical Name (Net Name)
    ----------------------------------------  ------------
     FD:C->Q               2   0.447   0.981  U1/Count100M_24 (U1/Count100M_24)
     LUT6:I0->O            2   0.203   0.864  U1/PWR_7_o_Count100M[26]_equal_1_o<26>7_SW0 (N8)
     LUT6:I2->O           15   0.203   0.982  U1/PWR_7_o_Count100M[26]_equal_1_o<26>7 (U1/PWR_7_o_Count100M[26]_equal_1_o)
     LUT2:I1->O            1   0.205   0.000  U1/Count100M_0_rstpot (U1/Count100M_0_rstpot)
     FD:D                      0.102          U1/Count100M_0
    ----------------------------------------
    Total                      3.987ns (1.160ns logic, 2.827ns route)
                                       (29.1% logic, 70.9% route)

=========================================================================
Timing constraint: Default OFFSET OUT AFTER for Clock 'Clk'
  Total number of paths / destination ports: 86 / 9
-------------------------------------------------------------------------
Offset:              6.304ns (Levels of Logic = 3)
  Source:            U2/Toggle (FF)
  Destination:       Seg<6> (PAD)
  Source Clock:      Clk rising

  Data Path: U2/Toggle to Seg<6>
                                Gate     Net
    Cell:in->out      fanout   Delay   Delay  Logical Name (Net Name)
    ----------------------------------------  ------------
     FD:C->Q              13   0.447   1.161  U2/Toggle (U2/Toggle)
     LUT3:I0->O            7   0.205   1.138  U5/Mmux_Valor31 (ValorInt<2>)
     LUT6:I0->O            1   0.203   0.579  U6/Mram_Seg_out61 (Seg_6_OBUF)
     OBUF:I->O                 2.571          Seg_6_OBUF (Seg<6>)
    ----------------------------------------
    Total                      6.304ns (3.426ns logic, 2.878ns route)
                                       (54.3% logic, 45.7% route)

=========================================================================

Cross Clock Domains Report:
--------------------------

Clock to Setup on destination clock Clk
---------------+---------+---------+---------+---------+
               | Src:Rise| Src:Fall| Src:Rise| Src:Fall|
Source Clock   |Dest:Rise|Dest:Rise|Dest:Fall|Dest:Fall|
---------------+---------+---------+---------+---------+
Clk            |    3.987|    1.438|    1.811|         |
---------------+---------+---------+---------+---------+

=========================================================================


Total REAL time to Xst completion: 6.00 secs
Total CPU time to Xst completion: 6.00 secs
 
--> 

Total memory usage is 4510560 kilobytes

Number of errors   :    0 (   0 filtered)
Number of warnings :    0 (   0 filtered)
Number of infos    :    1 (   0 filtered)

