Command line:
   Priority_Encoder_tb_isim_beh.exe
     -simmode  gui
     -simrunnum  0
     -socket  49355

Wed Sep 04 11:11:39 2019


 Elaboration Time: 0.046875 sec

 Current Memory Usage: 368.591 Meg

 Total Signals          : 4
 Total Nets             : 10
 Total Signal Drivers   : 2
 Total Blocks           : 6
 Total Primitive Blocks : 5
 Total Processes        : 2
 Total Traceable Variables  : 15
 Total Scalar Nets and Variables : 511
Total Line Count : 19

 Total Simulation Time: 0.0625 sec

 Current Memory Usage: 368.808 Meg

Wed Sep 04 11:16:40 2019

