Release 14.7 - xst P.20131013 (nt64)
Copyright (c) 1995-2013 Xilinx, Inc.  All rights reserved.
--> Parameter TMPDIR set to xst/projnav.tmp


Total REAL time to Xst completion: 0.00 secs
Total CPU time to Xst completion: 0.10 secs
 
--> Parameter xsthdpdir set to xst


Total REAL time to Xst completion: 0.00 secs
Total CPU time to Xst completion: 0.10 secs
 
--> Reading design: Top.prj

TABLE OF CONTENTS
  1) Synthesis Options Summary
  2) HDL Parsing
  3) HDL Elaboration
  4) HDL Synthesis
       4.1) HDL Synthesis Report
  5) Advanced HDL Synthesis
       5.1) Advanced HDL Synthesis Report
  6) Low Level Synthesis
  7) Partition Report
  8) Design Summary
       8.1) Primitive and Black Box Usage
       8.2) Device utilization summary
       8.3) Partition Resource Summary
       8.4) Timing Report
            8.4.1) Clock Information
            8.4.2) Asynchronous Control Signals Information
            8.4.3) Timing Summary
            8.4.4) Timing Details
            8.4.5) Cross Clock Domains Report


=========================================================================
*                      Synthesis Options Summary                        *
=========================================================================
---- Source Parameters
Input File Name                    : "Top.prj"
Ignore Synthesis Constraint File   : NO

---- Target Parameters
Output File Name                   : "Top"
Output Format                      : NGC
Target Device                      : xc6slx16-3-csg324

---- Source Options
Top Module Name                    : Top
Automatic FSM Extraction           : YES
FSM Encoding Algorithm             : Auto
Safe Implementation                : No
FSM Style                          : LUT
RAM Extraction                     : Yes
RAM Style                          : Auto
ROM Extraction                     : Yes
Shift Register Extraction          : YES
ROM Style                          : Auto
Resource Sharing                   : YES
Asynchronous To Synchronous        : NO
Shift Register Minimum Size        : 2
Use DSP Block                      : Auto
Automatic Register Balancing       : No

---- Target Options
LUT Combining                      : Auto
Reduce Control Sets                : Auto
Add IO Buffers                     : YES
Global Maximum Fanout              : 100000
Add Generic Clock Buffer(BUFG)     : 16
Register Duplication               : YES
Optimize Instantiated Primitives   : NO
Use Clock Enable                   : Auto
Use Synchronous Set                : Auto
Use Synchronous Reset              : Auto
Pack IO Registers into IOBs        : Auto
Equivalent register Removal        : YES

---- General Options
Optimization Goal                  : Speed
Optimization Effort                : 1
Power Reduction                    : NO
Keep Hierarchy                     : No
Netlist Hierarchy                  : As_Optimized
RTL Output                         : Yes
Global Optimization                : AllClockNets
Read Cores                         : YES
Write Timing Constraints           : NO
Cross Clock Analysis               : NO
Hierarchy Separator                : /
Bus Delimiter                      : <>
Case Specifier                     : Maintain
Slice Utilization Ratio            : 100
BRAM Utilization Ratio             : 100
DSP48 Utilization Ratio            : 100
Auto BRAM Packing                  : NO
Slice Utilization Ratio Delta      : 5

=========================================================================


=========================================================================
*                          HDL Parsing                                  *
=========================================================================
Parsing VHDL file "D:\JavierJr\Documents\ISD\AgoDic19\SistemasDigitalesAvanzados\Projects\P19_Partial2Exam\SelDisplay.vhd" into library work
Parsing entity <SelDisplay>.
Parsing architecture <Behavioral> of entity <seldisplay>.
Parsing VHDL file "D:\JavierJr\Documents\ISD\AgoDic19\SistemasDigitalesAvanzados\Projects\P19_Partial2Exam\SelAnodo.vhd" into library work
Parsing entity <SelAnodo>.
Parsing architecture <Behavioral> of entity <selanodo>.
Parsing VHDL file "D:\JavierJr\Documents\ISD\AgoDic19\SistemasDigitalesAvanzados\Projects\P19_Partial2Exam\ErrorInput.vhd" into library work
Parsing entity <ErrorInput>.
Parsing architecture <Behavioral> of entity <errorinput>.
Parsing VHDL file "D:\JavierJr\Documents\ISD\AgoDic19\SistemasDigitalesAvanzados\Projects\P19_Partial2Exam\Ended.vhd" into library work
Parsing entity <Ended>.
Parsing architecture <Ended_Arch> of entity <ended>.
Parsing VHDL file "D:\JavierJr\Documents\ISD\AgoDic19\SistemasDigitalesAvanzados\Projects\P19_Partial2Exam\Div200Hz.vhd" into library work
Parsing entity <Div200Hz>.
Parsing architecture <Div200Hz_Arch> of entity <div200hz>.
Parsing VHDL file "D:\JavierJr\Documents\ISD\AgoDic19\SistemasDigitalesAvanzados\Projects\P19_Partial2Exam\Div1Hz.vhd" into library work
Parsing entity <Div1Hz>.
Parsing architecture <Div1Hz_Arch> of entity <div1hz>.
Parsing VHDL file "D:\JavierJr\Documents\ISD\AgoDic19\SistemasDigitalesAvanzados\Projects\P19_Partial2Exam\DecBin7Seg.vhd" into library work
Parsing entity <DecBin7Seg>.
Parsing architecture <Behavioral> of entity <decbin7seg>.
Parsing VHDL file "D:\JavierJr\Documents\ISD\AgoDic19\SistemasDigitalesAvanzados\Projects\P19_Partial2Exam\Debounce_btn.vhd" into library work
Parsing entity <Debounce_btn>.
Parsing architecture <logic> of entity <debounce_btn>.
Parsing VHDL file "D:\JavierJr\Documents\ISD\AgoDic19\SistemasDigitalesAvanzados\Projects\P19_Partial2Exam\ContUniBin.vhd" into library work
Parsing entity <ContUniBin>.
Parsing architecture <ContUniBin_Arch> of entity <contunibin>.
Parsing VHDL file "D:\JavierJr\Documents\ISD\AgoDic19\SistemasDigitalesAvanzados\Projects\P19_Partial2Exam\ContDecBin.vhd" into library work
Parsing entity <ContDecBin>.
Parsing architecture <ContDecBin_Arch> of entity <contdecbin>.
Parsing VHDL file "D:\JavierJr\Documents\ISD\AgoDic19\SistemasDigitalesAvanzados\Projects\P19_Partial2Exam\Top.vhd" into library work
Parsing entity <Top>.
Parsing architecture <Behavioral> of entity <top>.

=========================================================================
*                            HDL Elaboration                            *
=========================================================================

Elaborating entity <Top> (architecture <Behavioral>) from library <work>.

Elaborating entity <Div1Hz> (architecture <Div1Hz_Arch>) from library <work>.

Elaborating entity <Div200Hz> (architecture <Div200Hz_Arch>) from library <work>.

Elaborating entity <ContUniBin> (architecture <ContUniBin_Arch>) from library <work>.

Elaborating entity <ContDecBin> (architecture <ContDecBin_Arch>) from library <work>.

Elaborating entity <SelDisplay> (architecture <Behavioral>) from library <work>.

Elaborating entity <DecBin7Seg> (architecture <Behavioral>) from library <work>.

Elaborating entity <SelAnodo> (architecture <Behavioral>) from library <work>.

Elaborating entity <Ended> (architecture <Ended_Arch>) from library <work>.

Elaborating entity <Debounce_btn> (architecture <logic>) with generics from library <work>.

Elaborating entity <ErrorInput> (architecture <Behavioral>) from library <work>.

=========================================================================
*                           HDL Synthesis                               *
=========================================================================

Synthesizing Unit <Top>.
    Related source file is "D:\JavierJr\Documents\ISD\AgoDic19\SistemasDigitalesAvanzados\Projects\P19_Partial2Exam\Top.vhd".
    Summary:
	no macro.
Unit <Top> synthesized.

Synthesizing Unit <Div1Hz>.
    Related source file is "D:\JavierJr\Documents\ISD\AgoDic19\SistemasDigitalesAvanzados\Projects\P19_Partial2Exam\Div1Hz.vhd".
    Found 27-bit register for signal <Count100M>.
    Found 1-bit register for signal <Clk_1Hz>.
    Found 27-bit adder for signal <Count100M[26]_GND_7_o_add_1_OUT> created at line 47.
    Summary:
	inferred   1 Adder/Subtractor(s).
	inferred  28 D-type flip-flop(s).
	inferred   1 Multiplexer(s).
Unit <Div1Hz> synthesized.

Synthesizing Unit <Div200Hz>.
    Related source file is "D:\JavierJr\Documents\ISD\AgoDic19\SistemasDigitalesAvanzados\Projects\P19_Partial2Exam\Div200Hz.vhd".
    Found 1-bit register for signal <Toggle>.
    Found 19-bit register for signal <Count100M>.
    Found 19-bit adder for signal <Count100M[18]_GND_8_o_add_1_OUT> created at line 52.
    Summary:
	inferred   1 Adder/Subtractor(s).
	inferred  20 D-type flip-flop(s).
	inferred   1 Multiplexer(s).
Unit <Div200Hz> synthesized.

Synthesizing Unit <ContUniBin>.
    Related source file is "D:\JavierJr\Documents\ISD\AgoDic19\SistemasDigitalesAvanzados\Projects\P19_Partial2Exam\ContUniBin.vhd".
    Found 4-bit register for signal <CountDer>.
    Found 1-bit register for signal <TC>.
    Found 4-bit subtractor for signal <GND_9_o_GND_9_o_sub_5_OUT<3:0>> created at line 57.
    Found 4-bit comparator greater for signal <PWR_9_o_Seg[3]_LessThan_1_o> created at line 48
    Found 4-bit comparator greater for signal <n0003> created at line 56
    Summary:
	inferred   1 Adder/Subtractor(s).
	inferred   5 D-type flip-flop(s).
	inferred   2 Comparator(s).
	inferred   3 Multiplexer(s).
Unit <ContUniBin> synthesized.

Synthesizing Unit <ContDecBin>.
    Related source file is "D:\JavierJr\Documents\ISD\AgoDic19\SistemasDigitalesAvanzados\Projects\P19_Partial2Exam\ContDecBin.vhd".
    Found 4-bit register for signal <CountIzq>.
    Found 4-bit subtractor for signal <GND_10_o_GND_10_o_sub_5_OUT<3:0>> created at line 53.
    Found 4-bit comparator greater for signal <PWR_11_o_Seg[3]_LessThan_1_o> created at line 46
    Found 4-bit comparator greater for signal <GND_10_o_CountIzq[3]_LessThan_3_o> created at line 52
    Found 4-bit comparator lessequal for signal <n0004> created at line 52
    Summary:
	inferred   1 Adder/Subtractor(s).
	inferred   4 D-type flip-flop(s).
	inferred   3 Comparator(s).
	inferred   2 Multiplexer(s).
Unit <ContDecBin> synthesized.

Synthesizing Unit <SelDisplay>.
    Related source file is "D:\JavierJr\Documents\ISD\AgoDic19\SistemasDigitalesAvanzados\Projects\P19_Partial2Exam\SelDisplay.vhd".
    Summary:
	inferred   1 Multiplexer(s).
Unit <SelDisplay> synthesized.

Synthesizing Unit <DecBin7Seg>.
    Related source file is "D:\JavierJr\Documents\ISD\AgoDic19\SistemasDigitalesAvanzados\Projects\P19_Partial2Exam\DecBin7Seg.vhd".
    Found 16x8-bit Read Only RAM for signal <Seg_out>
    Summary:
	inferred   1 RAM(s).
Unit <DecBin7Seg> synthesized.

Synthesizing Unit <SelAnodo>.
    Related source file is "D:\JavierJr\Documents\ISD\AgoDic19\SistemasDigitalesAvanzados\Projects\P19_Partial2Exam\SelAnodo.vhd".
    Summary:
	no macro.
Unit <SelAnodo> synthesized.

Synthesizing Unit <Ended>.
    Related source file is "D:\JavierJr\Documents\ISD\AgoDic19\SistemasDigitalesAvanzados\Projects\P19_Partial2Exam\Ended.vhd".
    Summary:
	no macro.
Unit <Ended> synthesized.

Synthesizing Unit <Debounce_btn>.
    Related source file is "D:\JavierJr\Documents\ISD\AgoDic19\SistemasDigitalesAvanzados\Projects\P19_Partial2Exam\Debounce_btn.vhd".
        counter_size = 19
    Found 20-bit register for signal <counter_out>.
    Found 1-bit register for signal <result>.
    Found 2-bit register for signal <flipflops>.
    Found 20-bit adder for signal <counter_out[19]_GND_15_o_add_0_OUT> created at line 49.
    Summary:
	inferred   1 Adder/Subtractor(s).
	inferred  23 D-type flip-flop(s).
Unit <Debounce_btn> synthesized.

Synthesizing Unit <ErrorInput>.
    Related source file is "D:\JavierJr\Documents\ISD\AgoDic19\SistemasDigitalesAvanzados\Projects\P19_Partial2Exam\ErrorInput.vhd".
    Found 4-bit comparator greater for signal <PWR_17_o_Segundos[7]_LessThan_1_o> created at line 43
    Found 4-bit comparator greater for signal <PWR_17_o_Segundos[3]_LessThan_2_o> created at line 43
    Summary:
	inferred   2 Comparator(s).
Unit <ErrorInput> synthesized.

=========================================================================
HDL Synthesis Report

Macro Statistics
# RAMs                                                 : 1
 16x8-bit single-port Read Only RAM                    : 1
# Adders/Subtractors                                   : 5
 19-bit adder                                          : 1
 20-bit adder                                          : 1
 27-bit adder                                          : 1
 4-bit subtractor                                      : 2
# Registers                                            : 10
 1-bit register                                        : 4
 19-bit register                                       : 1
 2-bit register                                        : 1
 20-bit register                                       : 1
 27-bit register                                       : 1
 4-bit register                                        : 2
# Comparators                                          : 7
 4-bit comparator greater                              : 6
 4-bit comparator lessequal                            : 1
# Multiplexers                                         : 8
 19-bit 2-to-1 multiplexer                             : 1
 27-bit 2-to-1 multiplexer                             : 1
 4-bit 2-to-1 multiplexer                              : 6
# Xors                                                 : 1
 1-bit xor2                                            : 1

=========================================================================

=========================================================================
*                       Advanced HDL Synthesis                          *
=========================================================================


Synthesizing (advanced) Unit <ContDecBin>.
The following registers are absorbed into counter <CountIzq>: 1 register on signal <CountIzq>.
Unit <ContDecBin> synthesized (advanced).

Synthesizing (advanced) Unit <Debounce_btn>.
The following registers are absorbed into counter <counter_out>: 1 register on signal <counter_out>.
Unit <Debounce_btn> synthesized (advanced).

Synthesizing (advanced) Unit <DecBin7Seg>.
INFO:Xst:3218 - HDL ADVISOR - The RAM <Mram_Seg_out> will be implemented on LUTs either because you have described an asynchronous read or because of currently unsupported block RAM features. If you have described an asynchronous read, making it synchronous would allow you to take advantage of available block RAM resources, for optimized device usage and improved timings. Please refer to your documentation for coding guidelines.
    -----------------------------------------------------------------------
    | ram_type           | Distributed                         |          |
    -----------------------------------------------------------------------
    | Port A                                                              |
    |     aspect ratio   | 16-word x 8-bit                     |          |
    |     weA            | connected to signal <GND>           | high     |
    |     addrA          | connected to signal <Valor>         |          |
    |     diA            | connected to signal <GND>           |          |
    |     doA            | connected to signal <Seg_out>       |          |
    -----------------------------------------------------------------------
Unit <DecBin7Seg> synthesized (advanced).

Synthesizing (advanced) Unit <Div1Hz>.
The following registers are absorbed into counter <Count100M>: 1 register on signal <Count100M>.
Unit <Div1Hz> synthesized (advanced).

Synthesizing (advanced) Unit <Div200Hz>.
The following registers are absorbed into counter <Count100M>: 1 register on signal <Count100M>.
Unit <Div200Hz> synthesized (advanced).

=========================================================================
Advanced HDL Synthesis Report

Macro Statistics
# RAMs                                                 : 1
 16x8-bit single-port distributed Read Only RAM        : 1
# Adders/Subtractors                                   : 1
 4-bit subtractor                                      : 1
# Counters                                             : 4
 19-bit up counter                                     : 1
 20-bit up counter                                     : 1
 27-bit up counter                                     : 1
 4-bit down counter                                    : 1
# Registers                                            : 10
 Flip-Flops                                            : 10
# Comparators                                          : 7
 4-bit comparator greater                              : 6
 4-bit comparator lessequal                            : 1
# Multiplexers                                         : 5
 4-bit 2-to-1 multiplexer                              : 5
# Xors                                                 : 1
 1-bit xor2                                            : 1

=========================================================================

=========================================================================
*                         Low Level Synthesis                           *
=========================================================================

Optimizing unit <Top> ...

Optimizing unit <ContUniBin> ...

Optimizing unit <ContDecBin> ...

Optimizing unit <Debounce_btn> ...
WARNING:Xst:1293 - FF/Latch <U2/Count100M_18> has a constant value of 0 in block <Top>. This FF/Latch will be trimmed during the optimization process.

Mapping all equations...
Building and optimizing final netlist ...
Found area constraint ratio of 100 (+ 5) on block Top, actual ratio is 2.

Final Macro Processing ...

=========================================================================
Final Register Report

Macro Statistics
# Registers                                            : 79
 Flip-Flops                                            : 79

=========================================================================

=========================================================================
*                           Partition Report                            *
=========================================================================

Partition Implementation Status
-------------------------------

  No Partitions were found in this design.

-------------------------------

=========================================================================
*                            Design Summary                             *
=========================================================================

Top Level Output File Name         : Top.ngc

Primitive and Black Box Usage:
------------------------------
# BELS                             : 291
#      GND                         : 1
#      INV                         : 5
#      LUT1                        : 62
#      LUT2                        : 31
#      LUT3                        : 11
#      LUT4                        : 5
#      LUT5                        : 21
#      LUT6                        : 27
#      MUXCY                       : 62
#      VCC                         : 1
#      XORCY                       : 65
# FlipFlops/Latches                : 79
#      FD                          : 4
#      FDC                         : 50
#      FDCE                        : 4
#      FDE_1                       : 1
#      FDRE                        : 20
# Clock Buffers                    : 1
#      BUFGP                       : 1
# IO Buffers                       : 23
#      IBUF                        : 10
#      OBUF                        : 13

Device utilization summary:
---------------------------

Selected Device : 6slx16csg324-3 


Slice Logic Utilization: 
 Number of Slice Registers:              79  out of  18224     0%  
 Number of Slice LUTs:                  162  out of   9112     1%  
    Number used as Logic:               162  out of   9112     1%  

Slice Logic Distribution: 
 Number of LUT Flip Flop pairs used:    163
   Number with an unused Flip Flop:      84  out of    163    51%  
   Number with an unused LUT:             1  out of    163     0%  
   Number of fully used LUT-FF pairs:    78  out of    163    47%  
   Number of unique control sets:         5

IO Utilization: 
 Number of IOs:                          24
 Number of bonded IOBs:                  24  out of    232    10%  

Specific Feature Utilization:
 Number of BUFG/BUFGCTRLs:                1  out of     16     6%  

---------------------------
Partition Resource Summary:
---------------------------

  No Partitions were found in this design.

---------------------------


=========================================================================
Timing Report

NOTE: THESE TIMING NUMBERS ARE ONLY A SYNTHESIS ESTIMATE.
      FOR ACCURATE TIMING INFORMATION PLEASE REFER TO THE TRACE REPORT
      GENERATED AFTER PLACE-and-ROUTE.

Clock Information:
------------------
-----------------------------------+------------------------+-------+
Clock Signal                       | Clock buffer(FF name)  | Load  |
-----------------------------------+------------------------+-------+
ClkinMHz                           | BUFGP                  | 79    |
-----------------------------------+------------------------+-------+

Asynchronous Control Signals Information:
----------------------------------------
No asynchronous control signals found in this design

Timing Summary:
---------------
Speed Grade: -3

   Minimum period: 6.636ns (Maximum Frequency: 150.689MHz)
   Minimum input arrival time before clock: 4.743ns
   Maximum output required time after clock: 6.304ns
   Maximum combinational path delay: No path found

Timing Details:
---------------
All values displayed in nanoseconds (ns)

=========================================================================
Timing constraint: Default period analysis for Clock 'ClkinMHz'
  Clock period: 6.636ns (frequency: 150.689MHz)
  Total number of paths / destination ports: 2055 / 123
-------------------------------------------------------------------------
Delay:               3.318ns (Levels of Logic = 2)
  Source:            U6/CountIzq_3 (FF)
  Destination:       U5/TC (FF)
  Source Clock:      ClkinMHz rising
  Destination Clock: ClkinMHz falling

  Data Path: U6/CountIzq_3 to U5/TC
                                Gate     Net
    Cell:in->out      fanout   Delay   Delay  Logical Name (Net Name)
    ----------------------------------------  ------------
     FDC:C->Q              5   0.447   0.943  U6/CountIzq_3 (U6/CountIzq_3)
     LUT3:I0->O            2   0.205   0.617  U10/Fin_SW0 (N4)
     LUT6:I5->O            1   0.205   0.579  UniBin_En1_cepot (UniBin_En1_cepot)
     FDE_1:CE                  0.322          U5/TC
    ----------------------------------------
    Total                      3.318ns (1.179ns logic, 2.139ns route)
                                       (35.5% logic, 64.5% route)

=========================================================================
Timing constraint: Default OFFSET IN BEFORE for Clock 'ClkinMHz'
  Total number of paths / destination ports: 112 / 64
-------------------------------------------------------------------------
Offset:              4.743ns (Levels of Logic = 4)
  Source:            Segundos<3> (PAD)
  Destination:       U6/CountIzq_0 (FF)
  Destination Clock: ClkinMHz rising

  Data Path: Segundos<3> to U6/CountIzq_0
                                Gate     Net
    Cell:in->out      fanout   Delay   Delay  Logical Name (Net Name)
    ----------------------------------------  ------------
     IBUF:I->O             4   1.222   1.048  Segundos_3_IBUF (Segundos_3_IBUF)
     LUT6:I0->O            5   0.203   1.079  U12/Result1 (Error)
     LUT6:I0->O            1   0.203   0.684  U6/Mcount_CountIzq_xor<0>1 (U6/Mcount_CountIzq)
     LUT3:I1->O            1   0.203   0.000  U6/CountIzq_0_rstpot (U6/CountIzq_0_rstpot)
     FDC:D                     0.102          U6/CountIzq_0
    ----------------------------------------
    Total                      4.743ns (1.933ns logic, 2.810ns route)
                                       (40.8% logic, 59.2% route)

=========================================================================
Timing constraint: Default OFFSET OUT AFTER for Clock 'ClkinMHz'
  Total number of paths / destination ports: 94 / 10
-------------------------------------------------------------------------
Offset:              6.304ns (Levels of Logic = 3)
  Source:            U2/Toggle (FF)
  Destination:       Seg<6> (PAD)
  Source Clock:      ClkinMHz rising

  Data Path: U2/Toggle to Seg<6>
                                Gate     Net
    Cell:in->out      fanout   Delay   Delay  Logical Name (Net Name)
    ----------------------------------------  ------------
     FDC:C->Q             13   0.447   1.161  U2/Toggle (U2/Toggle)
     LUT3:I0->O            7   0.205   1.138  U7/Mmux_Valor31 (ValorInt<2>)
     LUT6:I0->O            1   0.203   0.579  U8/Mram_Seg_out61 (Seg_6_OBUF)
     OBUF:I->O                 2.571          Seg_6_OBUF (Seg<6>)
    ----------------------------------------
    Total                      6.304ns (3.426ns logic, 2.878ns route)
                                       (54.3% logic, 45.7% route)

=========================================================================

Cross Clock Domains Report:
--------------------------

Clock to Setup on destination clock ClkinMHz
---------------+---------+---------+---------+---------+
               | Src:Rise| Src:Fall| Src:Rise| Src:Fall|
Source Clock   |Dest:Rise|Dest:Rise|Dest:Fall|Dest:Fall|
---------------+---------+---------+---------+---------+
ClkinMHz       |    5.073|    2.260|    3.318|         |
---------------+---------+---------+---------+---------+

=========================================================================


Total REAL time to Xst completion: 6.00 secs
Total CPU time to Xst completion: 5.70 secs
 
--> 

Total memory usage is 4510560 kilobytes

Number of errors   :    0 (   0 filtered)
Number of warnings :    1 (   0 filtered)
Number of infos    :    1 (   0 filtered)

