--------------------------------------------------------------------------------
Release 14.7 Trace  (nt64)
Copyright (c) 1995-2013 Xilinx, Inc.  All rights reserved.

C:\Xilinx\14.7\ISE_DS\ISE\bin\nt64\unwrapped\trce.exe -intstyle ise -v 3 -s 3
-n 3 -fastpaths -xml UAR.twx UAR.ncd -o UAR.twr UAR.pcf -ucf UAR.ucf

Design file:              UAR.ncd
Physical constraint file: UAR.pcf
Device,package,speed:     xc6slx16,csg324,C,-3 (PRODUCTION 1.23 2013-10-13)
Report level:             verbose report

Environment Variable      Effect 
--------------------      ------ 
NONE                      No environment variables were set
--------------------------------------------------------------------------------

INFO:Timing:2698 - No timing constraints found, doing default enumeration.
INFO:Timing:3412 - To improve timing, see the Timing Closure User Guide (UG612).
INFO:Timing:2752 - To get complete path coverage, use the unconstrained paths 
   option. All paths that are not constrained will be reported in the 
   unconstrained paths section(s) of the report.
INFO:Timing:3339 - The clock-to-out numbers in this timing report are based on 
   a 50 Ohm transmission line loading model.  For the details of this model, 
   and for more information on accounting for different loading conditions, 
   please see the device datasheet.



Data Sheet report:
-----------------
All values displayed in nanoseconds (ns)

Setup/Hold to clock Clk
------------+------------+------------+------------+------------+------------------+--------+
            |Max Setup to|  Process   |Max Hold to |  Process   |                  | Clock  |
Source      | clk (edge) |   Corner   | clk (edge) |   Corner   |Internal Clock(s) | Phase  |
------------+------------+------------+------------+------------+------------------+--------+
Din         |    1.070(R)|      SLOW  |   -0.550(R)|      SLOW  |Clk_BUFGP         |   0.000|
Rst         |    3.675(R)|      SLOW  |   -1.350(R)|      FAST  |Clk_BUFGP         |   0.000|
------------+------------+------------+------------+------------+------------------+--------+

Clock Clk to Pad
------------+-----------------+------------+-----------------+------------+------------------+--------+
            |Max (slowest) clk|  Process   |Min (fastest) clk|  Process   |                  | Clock  |
Destination |  (edge) to PAD  |   Corner   |  (edge) to PAD  |   Corner   |Internal Clock(s) | Phase  |
------------+-----------------+------------+-----------------+------------+------------------+--------+
Seg<0>      |         9.782(R)|      SLOW  |         4.392(R)|      FAST  |Clk_BUFGP         |   0.000|
Seg<1>      |         9.389(R)|      SLOW  |         4.439(R)|      FAST  |Clk_BUFGP         |   0.000|
Seg<2>      |        10.367(R)|      SLOW  |         4.450(R)|      FAST  |Clk_BUFGP         |   0.000|
Seg<3>      |         9.527(R)|      SLOW  |         4.289(R)|      FAST  |Clk_BUFGP         |   0.000|
Seg<4>      |        10.022(R)|      SLOW  |         4.464(R)|      FAST  |Clk_BUFGP         |   0.000|
Seg<5>      |         9.865(R)|      SLOW  |         4.564(R)|      FAST  |Clk_BUFGP         |   0.000|
Seg<6>      |         9.833(R)|      SLOW  |         4.522(R)|      FAST  |Clk_BUFGP         |   0.000|
Seg<7>      |        10.070(R)|      SLOW  |         4.413(R)|      FAST  |Clk_BUFGP         |   0.000|
------------+-----------------+------------+-----------------+------------+------------------+--------+

Clock to Setup on destination clock Clk
---------------+---------+---------+---------+---------+
               | Src:Rise| Src:Fall| Src:Rise| Src:Fall|
Source Clock   |Dest:Rise|Dest:Rise|Dest:Fall|Dest:Fall|
---------------+---------+---------+---------+---------+
Clk            |    2.563|         |         |         |
---------------+---------+---------+---------+---------+


Analysis completed Tue Oct 29 08:51:38 2019 
--------------------------------------------------------------------------------

Trace Settings:
-------------------------
Trace Settings 

Peak Memory Usage: 4576 MB



