Command line:
   Problem01_tb_isim_beh.exe
     -simmode  gui
     -simrunnum  0
     -socket  56308

Wed Sep 18 11:26:01 2019


 Elaboration Time: 0.265625 sec

 Current Memory Usage: 5817.22 Meg

 Total Signals          : 6
 Total Nets             : 12
 Total Signal Drivers   : 3
 Total Blocks           : 3
 Total Primitive Blocks : 2
 Total Processes        : 2
 Total Traceable Variables  : 8
 Total Scalar Nets and Variables : 372
Total Line Count : 27

 Total Simulation Time: 0.28125 sec

 Current Memory Usage: 5817.22 Meg

Wed Sep 18 11:26:13 2019

