#-----------------------------------------------------------
# PlanAhead v14.7 (64-bit)
# Build 321239 by xbuild on Fri Sep 27 19:29:51 MDT 2013
# Start of session at: Tue Aug 27 17:58:16 2019
# Process ID: 3284
# Log file: D:/JavierJr/Documents/Escuela/AgoDic19/SistemasDigitalesAvanzados/Proyects/P03_Bin_7Seg_Decoder/planAhead_run_2/planAhead.log
# Journal file: D:/JavierJr/Documents/Escuela/AgoDic19/SistemasDigitalesAvanzados/Proyects/P03_Bin_7Seg_Decoder/planAhead_run_2/planAhead.jou
#-----------------------------------------------------------
INFO: [Common 17-78] Attempting to get a license: PlanAhead
INFO: [Common 17-290] Got license for PlanAhead
INFO: [Common 17-86] Your PlanAhead license expires in -1091 day(s)
INFO: [Device 21-36] Loading parts and site information from D:/Xilinx/14.7/ISE_DS/PlanAhead/data/parts/arch.xml
Parsing RTL primitives file [D:/Xilinx/14.7/ISE_DS/PlanAhead/data/parts/xilinx/rtl/prims/rtl_prims.xml]
Finished parsing RTL primitives file [D:/Xilinx/14.7/ISE_DS/PlanAhead/data/parts/xilinx/rtl/prims/rtl_prims.xml]
start_gui
source D:/JavierJr/Documents/Escuela/AgoDic19/SistemasDigitalesAvanzados/Proyects/P03_Bin_7Seg_Decoder/pa.fromNetlist.tcl
# create_project -name P03_Bin_7Seg_Decoder -dir "D:/JavierJr/Documents/Escuela/AgoDic19/SistemasDigitalesAvanzados/Proyects/P03_Bin_7Seg_Decoder/planAhead_run_2" -part xc6slx16csg324-3
# set_property design_mode GateLvl [get_property srcset [current_run -impl]]
# set_property edif_top_file "D:/JavierJr/Documents/Escuela/AgoDic19/SistemasDigitalesAvanzados/Proyects/P03_Bin_7Seg_Decoder/Bin_7Seg_Decoder.ngc" [ get_property srcset [ current_run ] ]
# add_files -norecurse { {D:/JavierJr/Documents/Escuela/AgoDic19/SistemasDigitalesAvanzados/Proyects/P03_Bin_7Seg_Decoder} }
# set_param project.pinAheadLayout  yes
# set_property target_constrs_file "Bin_7Seg_Decoder.ucf" [current_fileset -constrset]
Adding file 'D:/JavierJr/Documents/Escuela/AgoDic19/SistemasDigitalesAvanzados/Proyects/P03_Bin_7Seg_Decoder/Bin_7Seg_Decoder.ucf' to fileset 'constrs_1'
# add_files [list {Bin_7Seg_Decoder.ucf}] -fileset [get_property constrset [current_run]]
# link_design
Design is defaulting to srcset: sources_1
Design is defaulting to constrset: constrs_1
Design is defaulting to project part: xc6slx16csg324-3
Release 14.7 - ngc2edif P.20131013 (nt64)
Copyright (c) 1995-2013 Xilinx, Inc.  All rights reserved.
Reading design Bin_7Seg_Decoder.ngc ...
WARNING:NetListWriters:298 - No output is written to Bin_7Seg_Decoder.xncf,
   ignored.
Processing design ...
   Preping design's networks ...
   Preping design's macros ...
  finished :Prep
Writing EDIF netlist file Bin_7Seg_Decoder.edif ...
ngc2edif: Total memory usage is 4310728 kilobytes

Parsing EDIF File [./planAhead_run_2/P03_Bin_7Seg_Decoder.data/cache/Bin_7Seg_Decoder_ngc_zx.edif]
Finished Parsing EDIF File [./planAhead_run_2/P03_Bin_7Seg_Decoder.data/cache/Bin_7Seg_Decoder_ngc_zx.edif]
Loading clock regions from D:/Xilinx/14.7/ISE_DS/PlanAhead/data\parts/xilinx/spartan6/spartan6lx/xc6slx16/ClockRegion.xml
Loading clock buffers from D:/Xilinx/14.7/ISE_DS/PlanAhead/data\parts/xilinx/spartan6/spartan6lx/xc6slx16/ClockBuffers.xml
Loading package pin functions from D:/Xilinx/14.7/ISE_DS/PlanAhead/data\parts/xilinx/spartan6/PinFunctions.xml...
Loading package from D:/Xilinx/14.7/ISE_DS/PlanAhead/data\parts/xilinx/spartan6/spartan6lx/xc6slx16/csg324/Package.xml
Loading io standards from D:/Xilinx/14.7/ISE_DS/PlanAhead/data\./parts/xilinx/spartan6/IOStandards.xml
Loading device configuration modes from D:/Xilinx/14.7/ISE_DS/PlanAhead/data\parts/xilinx/spartan6/ConfigModes.xml
Loading list of drcs for the architecture : D:/Xilinx/14.7/ISE_DS/PlanAhead/data\./parts/xilinx/spartan6/drc.xml
Parsing UCF File [D:/JavierJr/Documents/Escuela/AgoDic19/SistemasDigitalesAvanzados/Proyects/P03_Bin_7Seg_Decoder/Bin_7Seg_Decoder.ucf]
Finished Parsing UCF File [D:/JavierJr/Documents/Escuela/AgoDic19/SistemasDigitalesAvanzados/Proyects/P03_Bin_7Seg_Decoder/Bin_7Seg_Decoder.ucf]
INFO: [Project 1-111] Unisim Transformation Summary:
No Unisim elements were transformed.

Phase 0 | Netlist Checksum: 79c06d39
link_design: Time (s): elapsed = 00:00:13 . Memory (MB): peak = 648.961 ; gain = 236.297
