Command line:
   Operators_tb_isim_beh.exe
     -simmode  gui
     -simrunnum  0
     -socket  56071

Wed Sep 11 20:18:19 2019


 Elaboration Time: 0.34375 sec

 Current Memory Usage: 5817.42 Meg

 Total Signals          : 16
 Total Nets             : 46
 Total Signal Drivers   : 8
 Total Blocks           : 6
 Total Primitive Blocks : 5
 Total Processes        : 2
 Total Traceable Variables  : 16
 Total Scalar Nets and Variables : 548
Total Line Count : 75

 Total Simulation Time: 0.359375 sec

 Current Memory Usage: 5345.51 Meg

Wed Sep 11 20:28:45 2019

