--------------------------------------------------------------------------------
Release 14.7 Trace  (nt64)
Copyright (c) 1995-2013 Xilinx, Inc.  All rights reserved.

D:\Xilinx\14.7\ISE_DS\ISE\bin\nt64\unwrapped\trce.exe -intstyle ise -v 3 -s 3
-n 3 -fastpaths -xml StateMachine.twx StateMachine.ncd -o StateMachine.twr
StateMachine.pcf -ucf StateMachine.ucf

Design file:              StateMachine.ncd
Physical constraint file: StateMachine.pcf
Device,package,speed:     xc6slx16,csg324,C,-3 (PRODUCTION 1.23 2013-10-13)
Report level:             verbose report

Environment Variable      Effect 
--------------------      ------ 
NONE                      No environment variables were set
--------------------------------------------------------------------------------

INFO:Timing:2698 - No timing constraints found, doing default enumeration.
INFO:Timing:3412 - To improve timing, see the Timing Closure User Guide (UG612).
INFO:Timing:2752 - To get complete path coverage, use the unconstrained paths 
   option. All paths that are not constrained will be reported in the 
   unconstrained paths section(s) of the report.
INFO:Timing:3339 - The clock-to-out numbers in this timing report are based on 
   a 50 Ohm transmission line loading model.  For the details of this model, 
   and for more information on accounting for different loading conditions, 
   please see the device datasheet.



Data Sheet report:
-----------------
All values displayed in nanoseconds (ns)

Setup/Hold to clock Clk
------------+------------+------------+------------+------------+------------------+--------+
            |Max Setup to|  Process   |Max Hold to |  Process   |                  | Clock  |
Source      | clk (edge) |   Corner   | clk (edge) |   Corner   |Internal Clock(s) | Phase  |
------------+------------+------------+------------+------------+------------------+--------+
Hazard      |    0.588(R)|      FAST  |    0.170(R)|      SLOW  |Clk_BUFGP         |   0.000|
Left        |    1.467(R)|      SLOW  |   -0.498(R)|      SLOW  |Clk_BUFGP         |   0.000|
Right       |    1.846(R)|      SLOW  |   -0.860(R)|      SLOW  |Clk_BUFGP         |   0.000|
Rst         |    4.850(R)|      SLOW  |   -1.237(R)|      FAST  |Clk_BUFGP         |   0.000|
------------+------------+------------+------------+------------+------------------+--------+

Clock Clk to Pad
-------------+-----------------+------------+-----------------+------------+------------------+--------+
             |Max (slowest) clk|  Process   |Min (fastest) clk|  Process   |                  | Clock  |
Destination  |  (edge) to PAD  |   Corner   |  (edge) to PAD  |   Corner   |Internal Clock(s) | Phase  |
-------------+-----------------+------------+-----------------+------------+------------------+--------+
LeftLight<0> |         8.083(R)|      SLOW  |         3.981(R)|      FAST  |Clk_BUFGP         |   0.000|
LeftLight<1> |         8.330(R)|      SLOW  |         4.193(R)|      FAST  |Clk_BUFGP         |   0.000|
LeftLight<2> |         8.650(R)|      SLOW  |         4.528(R)|      FAST  |Clk_BUFGP         |   0.000|
RightLight<0>|         8.736(R)|      SLOW  |         4.595(R)|      FAST  |Clk_BUFGP         |   0.000|
RightLight<1>|         8.506(R)|      SLOW  |         4.352(R)|      FAST  |Clk_BUFGP         |   0.000|
RightLight<2>|         8.883(R)|      SLOW  |         4.708(R)|      FAST  |Clk_BUFGP         |   0.000|
-------------+-----------------+------------+-----------------+------------+------------------+--------+

Clock to Setup on destination clock Clk
---------------+---------+---------+---------+---------+
               | Src:Rise| Src:Fall| Src:Rise| Src:Fall|
Source Clock   |Dest:Rise|Dest:Rise|Dest:Fall|Dest:Fall|
---------------+---------+---------+---------+---------+
Clk            |    4.941|         |         |         |
---------------+---------+---------+---------+---------+


Analysis completed Wed Nov 06 12:14:32 2019 
--------------------------------------------------------------------------------

Trace Settings:
-------------------------
Trace Settings 

Peak Memory Usage: 4576 MB



