Release 14.7 - ngc2edif P.20131013 (nt64)
Copyright (c) 1995-2013 Xilinx, Inc.  All rights reserved.
Reading design Counter_BinDec.ngc ...
WARNING:NetListWriters:298 - No output is written to Counter_BinDec.xncf,
   ignored.
Processing design ...
   Preping design's networks ...
   Preping design's macros ...
  finished :Prep
Writing EDIF netlist file Counter_BinDec.edif ...
ngc2edif: Total memory usage is 4310796 kilobytes

Release 14.7 - ngc2edif P.20131013 (nt64)
Copyright (c) 1995-2013 Xilinx, Inc.  All rights reserved.
Reading design Counter_BinDec.ngc ...
WARNING:NetListWriters:298 - No output is written to Counter_BinDec.xncf,
   ignored.
Processing design ...
   Preping design's networks ...
   Preping design's macros ...
  finished :Prep
Writing EDIF netlist file Counter_BinDec.edif ...
ngc2edif: Total memory usage is 4310796 kilobytes

Release 14.7 - ngc2edif P.20131013 (nt64)
Copyright (c) 1995-2013 Xilinx, Inc.  All rights reserved.
Reading design Counter_BinDec.ngc ...
WARNING:NetListWriters:298 - No output is written to Counter_BinDec.xncf,
   ignored.
Processing design ...
   Preping design's networks ...
   Preping design's macros ...
  finished :Prep
Writing EDIF netlist file Counter_BinDec.edif ...
ngc2edif: Total memory usage is 4310796 kilobytes

Release 14.7 - ngc2edif P.20131013 (nt64)
Copyright (c) 1995-2013 Xilinx, Inc.  All rights reserved.
Reading design Counter_BinDec.ngc ...
WARNING:NetListWriters:298 - No output is written to Counter_BinDec.xncf,
   ignored.
Processing design ...
   Preping design's networks ...
   Preping design's macros ...
  finished :Prep
Writing EDIF netlist file Counter_BinDec.edif ...
ngc2edif: Total memory usage is 4310796 kilobytes

