
****** PlanAhead v14.7 (64-bit)
  **** Build 321239 by xbuild on Fri Sep 27 19:29:51 MDT 2013
    ** Copyright 1986-1999, 2001-2013 Xilinx, Inc. All Rights Reserved.

INFO: [Common 17-78] Attempting to get a license: PlanAhead
INFO: [Common 17-290] Got license for PlanAhead
INFO: [Common 17-86] Your PlanAhead license expires in -1141 day(s)
INFO: [Device 21-36] Loading parts and site information from D:/Xilinx/14.7/ISE_DS/PlanAhead/data/parts/arch.xml
Parsing RTL primitives file [D:/Xilinx/14.7/ISE_DS/PlanAhead/data/parts/xilinx/rtl/prims/rtl_prims.xml]
Finished parsing RTL primitives file [D:/Xilinx/14.7/ISE_DS/PlanAhead/data/parts/xilinx/rtl/prims/rtl_prims.xml]
start_gui
source D:/JavierJr/Documents/ISD/AgoDic19/SistemasDigitalesAvanzados/Projects/P16_Serial_Comm_Nexys3_To_PC/pa.fromNetlist.tcl
# create_project -name P16_Serial_Comm_Nexys3_To_PC -dir "D:/JavierJr/Documents/ISD/AgoDic19/SistemasDigitalesAvanzados/Projects/P16_Serial_Comm_Nexys3_To_PC/planAhead_run_2" -part xc6slx16csg324-3
# set_property design_mode GateLvl [get_property srcset [current_run -impl]]
# set_property edif_top_file "D:/JavierJr/Documents/ISD/AgoDic19/SistemasDigitalesAvanzados/Projects/P16_Serial_Comm_Nexys3_To_PC/Serial_Comm_Nexys3_To_PC.ngc" [ get_property srcset [ current_run ] ]
# add_files -norecurse { {D:/JavierJr/Documents/ISD/AgoDic19/SistemasDigitalesAvanzados/Projects/P16_Serial_Comm_Nexys3_To_PC} }
# set_param project.pinAheadLayout  yes
# set_property target_constrs_file "Serial_Comm_Nexys3_To_PC.ucf" [current_fileset -constrset]
Adding file 'D:/JavierJr/Documents/ISD/AgoDic19/SistemasDigitalesAvanzados/Projects/P16_Serial_Comm_Nexys3_To_PC/Serial_Comm_Nexys3_To_PC.ucf' to fileset 'constrs_1'
# add_files [list {Serial_Comm_Nexys3_To_PC.ucf}] -fileset [get_property constrset [current_run]]
# link_design
Design is defaulting to srcset: sources_1
Design is defaulting to constrset: constrs_1
Design is defaulting to project part: xc6slx16csg324-3
Release 14.7 - ngc2edif P.20131013 (nt64)
Copyright (c) 1995-2013 Xilinx, Inc.  All rights reserved.
Reading design Serial_Comm_Nexys3_To_PC.ngc ...
WARNING:NetListWriters:298 - No output is written to
   Serial_Comm_Nexys3_To_PC.xncf, ignored.
Processing design ...
   Preping design's networks ...
   Preping design's macros ...
  finished :Prep
Writing EDIF netlist file Serial_Comm_Nexys3_To_PC.edif ...
ngc2edif: Total memory usage is 4310796 kilobytes

Parsing EDIF File [./planAhead_run_2/P16_Serial_Comm_Nexys3_To_PC.data/cache/Serial_Comm_Nexys3_To_PC_ngc_zx.edif]
Finished Parsing EDIF File [./planAhead_run_2/P16_Serial_Comm_Nexys3_To_PC.data/cache/Serial_Comm_Nexys3_To_PC_ngc_zx.edif]
INFO: [Netlist 29-17] Analyzing 1 Unisim elements for replacement
INFO: [Netlist 29-28] Unisim Transformation completed in 0 CPU seconds
Loading clock regions from D:/Xilinx/14.7/ISE_DS/PlanAhead/data\parts/xilinx/spartan6/spartan6lx/xc6slx16/ClockRegion.xml
Loading clock buffers from D:/Xilinx/14.7/ISE_DS/PlanAhead/data\parts/xilinx/spartan6/spartan6lx/xc6slx16/ClockBuffers.xml
Loading package pin functions from D:/Xilinx/14.7/ISE_DS/PlanAhead/data\parts/xilinx/spartan6/PinFunctions.xml...
Loading package from D:/Xilinx/14.7/ISE_DS/PlanAhead/data\parts/xilinx/spartan6/spartan6lx/xc6slx16/csg324/Package.xml
Loading io standards from D:/Xilinx/14.7/ISE_DS/PlanAhead/data\./parts/xilinx/spartan6/IOStandards.xml
Loading device configuration modes from D:/Xilinx/14.7/ISE_DS/PlanAhead/data\parts/xilinx/spartan6/ConfigModes.xml
Loading list of drcs for the architecture : D:/Xilinx/14.7/ISE_DS/PlanAhead/data\./parts/xilinx/spartan6/drc.xml
Parsing UCF File [D:/JavierJr/Documents/ISD/AgoDic19/SistemasDigitalesAvanzados/Projects/P16_Serial_Comm_Nexys3_To_PC/Serial_Comm_Nexys3_To_PC.ucf]
Finished Parsing UCF File [D:/JavierJr/Documents/ISD/AgoDic19/SistemasDigitalesAvanzados/Projects/P16_Serial_Comm_Nexys3_To_PC/Serial_Comm_Nexys3_To_PC.ucf]
INFO: [Project 1-111] Unisim Transformation Summary:
  A total of 1 instances were transformed.
  BUFGP => BUFGP (IBUF, BUFG): 1 instances

Phase 0 | Netlist Checksum: cbaf16bc
link_design: Time (s): elapsed = 00:00:15 . Memory (MB): peak = 639.703 ; gain = 160.195
startgroup
set_property package_pin V10 [get_ports Clk]
endgroup
startgroup
set_property package_pin B8 [get_ports Load]
endgroup
startgroup
set_property package_pin C9 [get_ports Rst]
endgroup
startgroup
set_property package_pin N18 [get_ports Tx]
endgroup
startgroup
set_property package_pin T5 [get_ports {ASCII[7]}]
endgroup
startgroup
set_property package_pin V8 [get_ports {ASCII[6]}]
endgroup
startgroup
set_property package_pin U8 [get_ports {ASCII[5]}]
endgroup
startgroup
set_property package_pin N8 [get_ports {ASCII[4]}]
endgroup
startgroup
set_property package_pin M8 [get_ports {ASCII[3]}]
endgroup
startgroup
set_property package_pin V9 [get_ports {ASCII[2]}]
endgroup
startgroup
set_property package_pin T9 [get_ports {ASCII[1]}]
endgroup
startgroup
set_property package_pin T10 [get_ports {ASCII[0]}]
endgroup
set_property is_loc_fixed false [get_ports [list  {ASCII[0]}]]
set_property is_loc_fixed true [get_ports [list  {ASCII[0]}]]
save_constraints
exit
ERROR: [Common 17-39] 'stop_gui' failed due to earlier errors.
INFO: [Common 17-206] Exiting PlanAhead at Wed Oct 16 11:56:03 2019...
INFO: [Common 17-83] Releasing license: PlanAhead
