
****** PlanAhead v14.7 (64-bit)
  **** Build 321239 by xbuild on Fri Sep 27 19:29:51 MDT 2013
    ** Copyright 1986-1999, 2001-2013 Xilinx, Inc. All Rights Reserved.

INFO: [Common 17-78] Attempting to get a license: PlanAhead
INFO: [Common 17-290] Got license for PlanAhead
INFO: [Common 17-86] Your PlanAhead license expires in -1162 day(s)
INFO: [Device 21-36] Loading parts and site information from D:/Xilinx/14.7/ISE_DS/PlanAhead/data/parts/arch.xml
Parsing RTL primitives file [D:/Xilinx/14.7/ISE_DS/PlanAhead/data/parts/xilinx/rtl/prims/rtl_prims.xml]
Finished parsing RTL primitives file [D:/Xilinx/14.7/ISE_DS/PlanAhead/data/parts/xilinx/rtl/prims/rtl_prims.xml]
start_gui
source D:/JavierJr/Documents/ISD/AgoDic19/SistemasDigitalesAvanzados/Projects/P21_StateMachine/pa.fromNetlist.tcl
# create_project -name P21_StateMachine -dir "D:/JavierJr/Documents/ISD/AgoDic19/SistemasDigitalesAvanzados/Projects/P21_StateMachine/planAhead_run_1" -part xc6slx16csg324-3
# set_property design_mode GateLvl [get_property srcset [current_run -impl]]
# set_property edif_top_file "D:/JavierJr/Documents/ISD/AgoDic19/SistemasDigitalesAvanzados/Projects/P21_StateMachine/StateMachine.ngc" [ get_property srcset [ current_run ] ]
# add_files -norecurse { {D:/JavierJr/Documents/ISD/AgoDic19/SistemasDigitalesAvanzados/Projects/P21_StateMachine} }
# set_param project.pinAheadLayout  yes
# set_property target_constrs_file "StateMachine.ucf" [current_fileset -constrset]
Adding file 'D:/JavierJr/Documents/ISD/AgoDic19/SistemasDigitalesAvanzados/Projects/P21_StateMachine/StateMachine.ucf' to fileset 'constrs_1'
# add_files [list {StateMachine.ucf}] -fileset [get_property constrset [current_run]]
# link_design
Design is defaulting to srcset: sources_1
Design is defaulting to constrset: constrs_1
Design is defaulting to project part: xc6slx16csg324-3
Release 14.7 - ngc2edif P.20131013 (nt64)
Copyright (c) 1995-2013 Xilinx, Inc.  All rights reserved.
Reading design StateMachine.ngc ...
WARNING:NetListWriters:298 - No output is written to StateMachine.xncf, ignored.
Processing design ...
   Preping design's networks ...
   Preping design's macros ...
  finished :Prep
Writing EDIF netlist file StateMachine.edif ...
ngc2edif: Total memory usage is 4310796 kilobytes

Parsing EDIF File [./planAhead_run_1/P21_StateMachine.data/cache/StateMachine_ngc_zx.edif]
Finished Parsing EDIF File [./planAhead_run_1/P21_StateMachine.data/cache/StateMachine_ngc_zx.edif]
INFO: [Netlist 29-17] Analyzing 1 Unisim elements for replacement
INFO: [Netlist 29-28] Unisim Transformation completed in 0 CPU seconds
Loading clock regions from D:/Xilinx/14.7/ISE_DS/PlanAhead/data\parts/xilinx/spartan6/spartan6lx/xc6slx16/ClockRegion.xml
Loading clock buffers from D:/Xilinx/14.7/ISE_DS/PlanAhead/data\parts/xilinx/spartan6/spartan6lx/xc6slx16/ClockBuffers.xml
Loading package pin functions from D:/Xilinx/14.7/ISE_DS/PlanAhead/data\parts/xilinx/spartan6/PinFunctions.xml...
Loading package from D:/Xilinx/14.7/ISE_DS/PlanAhead/data\parts/xilinx/spartan6/spartan6lx/xc6slx16/csg324/Package.xml
Loading io standards from D:/Xilinx/14.7/ISE_DS/PlanAhead/data\./parts/xilinx/spartan6/IOStandards.xml
Loading device configuration modes from D:/Xilinx/14.7/ISE_DS/PlanAhead/data\parts/xilinx/spartan6/ConfigModes.xml
Loading list of drcs for the architecture : D:/Xilinx/14.7/ISE_DS/PlanAhead/data\./parts/xilinx/spartan6/drc.xml
Parsing UCF File [D:/JavierJr/Documents/ISD/AgoDic19/SistemasDigitalesAvanzados/Projects/P21_StateMachine/StateMachine.ucf]
Finished Parsing UCF File [D:/JavierJr/Documents/ISD/AgoDic19/SistemasDigitalesAvanzados/Projects/P21_StateMachine/StateMachine.ucf]
INFO: [Project 1-111] Unisim Transformation Summary:
  A total of 1 instances were transformed.
  BUFGP => BUFGP (IBUF, BUFG): 1 instances

Phase 0 | Netlist Checksum: 6da3bb7b
link_design: Time (s): elapsed = 00:00:15 . Memory (MB): peak = 638.285 ; gain = 153.020
startgroup
set_property package_pin T11 [get_ports {LeftLight[2]}]
endgroup
startgroup
set_property package_pin R11 [get_ports {LeftLight[1]}]
endgroup
startgroup
set_property package_pin N11 [get_ports {LeftLight[0]}]
endgroup
startgroup
set_property package_pin V9 [get_ports Left]
endgroup
startgroup
set_property package_pin T9 [get_ports Right]
endgroup
set_property package_pin "" [get_ports [list  Rst]]
startgroup
set_property package_pin T10 [get_ports Hazard]
endgroup
startgroup
set_property package_pin V10 [get_ports Clk]
endgroup
startgroup
set_property package_pin B8 [get_ports Rst]
endgroup
startgroup
set_property package_pin U15 [get_ports {RightLight[0]}]
endgroup
startgroup
set_property package_pin V16 [get_ports {RightLight[1]}]
endgroup
startgroup
set_property package_pin U16 [get_ports {RightLight[2]}]
endgroup
save_constraints
exit
ERROR: [Common 17-39] 'stop_gui' failed due to earlier errors.
INFO: [Common 17-206] Exiting PlanAhead at Wed Nov 06 12:01:49 2019...
INFO: [Common 17-83] Releasing license: PlanAhead
