Command line:
   Shifter_tb_isim_beh.exe
     -simmode  gui
     -simrunnum  0
     -socket  63442

Fri Sep 20 17:22:20 2019


 Elaboration Time: 0.046875 sec

 Current Memory Usage: 368.529 Meg

 Total Signals          : 6
 Total Nets             : 19
 Total Signal Drivers   : 3
 Total Blocks           : 6
 Total Primitive Blocks : 5
 Total Processes        : 2
 Total Traceable Variables  : 15
 Total Scalar Nets and Variables : 520
Total Line Count : 13

 Total Simulation Time: 0.046875 sec

 Current Memory Usage: 368.534 Meg

Fri Sep 20 17:22:39 2019

