Command line:
   Priority_Encoder_tb_isim_beh.exe
     -simmode  gui
     -simrunnum  0
     -socket  59726

Wed Sep 04 11:11:04 2019


 Elaboration Time: 0.203125 sec

 Current Memory Usage: 5831.66 Meg

 Total Signals          : 4
 Total Nets             : 10
 Total Signal Drivers   : 2
 Total Blocks           : 6
 Total Primitive Blocks : 5
 Total Processes        : 2
 Total Traceable Variables  : 15
 Total Scalar Nets and Variables : 511
Total Line Count : 18

 Total Simulation Time: 0.34375 sec

 Current Memory Usage: 5202.46 Meg

Wed Sep 04 11:14:43 2019

