Running: D:\Xilinx\14.7\ISE_DS\ISE\bin\nt64\unwrapped\fuse.exe -intstyle ise -incremental -lib secureip -o D:/JavierJr/Documents/ISD/AgoDic19/SistemasDigitalesAvanzados/Projects/P27_NonSignificativeZeroesCount/NonSignificativeZeroesCount_tb_isim_beh.exe -prj D:/JavierJr/Documents/ISD/AgoDic19/SistemasDigitalesAvanzados/Projects/P27_NonSignificativeZeroesCount/NonSignificativeZeroesCount_tb_beh.prj work.NonSignificativeZeroesCount_tb 
ISim P.20131013 (signature 0x7708f090)
Number of CPUs detected in this system: 8
Turning on mult-threading, number of parallel sub-compilation jobs: 16 
Determining compilation order of HDL files
Parsing VHDL file "D:/JavierJr/Documents/ISD/AgoDic19/SistemasDigitalesAvanzados/Projects/P27_NonSignificativeZeroesCount/NonSignificativeZeroesCount.vhd" into library work
Parsing VHDL file "D:/JavierJr/Documents/ISD/AgoDic19/SistemasDigitalesAvanzados/Projects/P27_NonSignificativeZeroesCount/NonSignificativeZeroesCount_tb.vhd" into library work
Starting static elaboration
WARNING:HDLCompiler:746 - "D:/JavierJr/Documents/ISD/AgoDic19/SistemasDigitalesAvanzados/Projects/P27_NonSignificativeZeroesCount/NonSignificativeZeroesCount.vhd" Line 48: Range is empty (null range)
Completed static elaboration
Compiling package standard
Compiling package std_logic_1164
Compiling package numeric_std
Compiling package std_logic_arith
Compiling package std_logic_unsigned
Compiling architecture behavior of entity NonSignificativeZeroesCount [nonsignificativezeroescount_defa...]
Compiling architecture behavior of entity nonsignificativezeroescount_tb
Time Resolution for simulation is 1ps.
Waiting for 1 sub-compilation(s) to finish...
Compiled 8 VHDL Units
Built simulation executable D:/JavierJr/Documents/ISD/AgoDic19/SistemasDigitalesAvanzados/Projects/P27_NonSignificativeZeroesCount/NonSignificativeZeroesCount_tb_isim_beh.exe
Fuse Memory Usage: 36992 KB
Fuse CPU Usage: 515 ms
